{"C:\\Users\\jonathan\\Desktop\\LOG4420-rep\\repository\\TP3\\src\\routes\\rest\\members.js":{"path":"C:\\Users\\jonathan\\Desktop\\LOG4420-rep\\repository\\TP3\\src\\routes\\rest\\members.js","statementMap":{"0":{"start":{"line":1,"column":16},"end":{"line":1,"column":34}},"1":{"start":{"line":3,"column":0},"end":{"line":26,"column":1}},"2":{"start":{"line":4,"column":16},"end":{"line":4,"column":32}},"3":{"start":{"line":7,"column":1},"end":{"line":23,"column":4}},"4":{"start":{"line":8,"column":2},"end":{"line":22,"column":4}},"5":{"start":{"line":9,"column":3},"end":{"line":21,"column":4}},"6":{"start":{"line":10,"column":4},"end":{"line":18,"column":5}},"7":{"start":{"line":11,"column":5},"end":{"line":13,"column":8}},"8":{"start":{"line":15,"column":5},"end":{"line":17,"column":8}},"9":{"start":{"line":20,"column":4},"end":{"line":20,"column":38}},"10":{"start":{"line":25,"column":1},"end":{"line":25,"column":14}}},"fnMap":{"0":{"name":"(anonymous_0)","decl":{"start":{"line":3,"column":17},"end":{"line":3,"column":18}},"loc":{"start":{"line":3,"column":32},"end":{"line":26,"column":1}},"line":3},"1":{"name":"(anonymous_1)","decl":{"start":{"line":7,"column":17},"end":{"line":7,"column":18}},"loc":{"start":{"line":7,"column":37},"end":{"line":23,"column":2}},"line":7},"2":{"name":"(anonymous_2)","decl":{"start":{"line":8,"column":29},"end":{"line":8,"column":30}},"loc":{"start":{"line":8,"column":51},"end":{"line":22,"column":3}},"line":8}},"branchMap":{"0":{"loc":{"start":{"line":9,"column":3},"end":{"line":21,"column":4}},"type":"if","locations":[{"start":{"line":9,"column":3},"end":{"line":21,"column":4}},{"start":{"line":9,"column":3},"end":{"line":21,"column":4}}],"line":9},"1":{"loc":{"start":{"line":10,"column":4},"end":{"line":18,"column":5}},"type":"if","locations":[{"start":{"line":10,"column":4},"end":{"line":18,"column":5}},{"start":{"line":10,"column":4},"end":{"line":18,"column":5}}],"line":10},"2":{"loc":{"start":{"line":10,"column":8},"end":{"line":10,"column":143}},"type":"binary-expr","locations":[{"start":{"line":10,"column":8},"end":{"line":10,"column":38}},{"start":{"line":10,"column":42},"end":{"line":10,"column":82}},{"start":{"line":10,"column":86},"end":{"line":10,"column":143}}],"line":10}},"s":{"0":1,"1":1,"2":3,"3":3,"4":2,"5":2,"6":2,"7":1,"8":1,"9":0,"10":3},"f":{"0":3,"1":2,"2":2},"b":{"0":[2,0],"1":[1,1],"2":[2,2,2]},"_coverageSchema":"43e27e138ebf9cfc5966b082cf9a028302ed4184","hash":"03e25430dbb671fc3b4c2a79c7ae1200b217ef9b","contentHash":"f369b578c406d0cc78bbcae2d2c80a9c585814b1333116aac908e0d45bf85338"},"C:\\Users\\jonathan\\Desktop\\LOG4420-rep\\repository\\TP3\\src\\services\\feed.js":{"path":"C:\\Users\\jonathan\\Desktop\\LOG4420-rep\\repository\\TP3\\src\\services\\feed.js","statementMap":{"0":{"start":{"line":1,"column":14},"end":{"line":1,"column":30}},"1":{"start":{"line":20,"column":17},"end":{"line":30,"column":1}},"2":{"start":{"line":20,"column":32},"end":{"line":30,"column":1}},"3":{"start":{"line":20,"column":50},"end":{"line":30,"column":1}},"4":{"start":{"line":20,"column":62},"end":{"line":30,"column":1}},"5":{"start":{"line":20,"column":74},"end":{"line":30,"column":1}},"6":{"start":{"line":21,"column":23},"end":{"line":21,"column":90}},"7":{"start":{"line":23,"column":2},"end":{"line":29,"column":4}},"8":{"start":{"line":24,"column":4},"end":{"line":28,"column":5}},"9":{"start":{"line":25,"column":6},"end":{"line":25,"column":25}},"10":{"start":{"line":27,"column":6},"end":{"line":27,"column":53}},"11":{"start":{"line":40,"column":37},"end":{"line":45,"column":1}},"12":{"start":{"line":41,"column":16},"end":{"line":43,"column":50}},"13":{"start":{"line":42,"column":42},"end":{"line":42,"column":73}},"14":{"start":{"line":43,"column":22},"end":{"line":43,"column":49}},"15":{"start":{"line":44,"column":2},"end":{"line":44,"column":23}},"16":{"start":{"line":47,"column":0},"end":{"line":51,"column":1}},"17":{"start":{"line":48,"column":2},"end":{"line":50,"column":3}}},"fnMap":{"0":{"name":"(anonymous_0)","decl":{"start":{"line":20,"column":17},"end":{"line":20,"column":18}},"loc":{"start":{"line":20,"column":32},"end":{"line":30,"column":1}},"line":20},"1":{"name":"(anonymous_1)","decl":{"start":{"line":20,"column":32},"end":{"line":20,"column":33}},"loc":{"start":{"line":20,"column":50},"end":{"line":30,"column":1}},"line":20},"2":{"name":"(anonymous_2)","decl":{"start":{"line":20,"column":50},"end":{"line":20,"column":51}},"loc":{"start":{"line":20,"column":62},"end":{"line":30,"column":1}},"line":20},"3":{"name":"(anonymous_3)","decl":{"start":{"line":20,"column":62},"end":{"line":20,"column":63}},"loc":{"start":{"line":20,"column":74},"end":{"line":30,"column":1}},"line":20},"4":{"name":"(anonymous_4)","decl":{"start":{"line":20,"column":74},"end":{"line":20,"column":75}},"loc":{"start":{"line":20,"column":86},"end":{"line":30,"column":1}},"line":20},"5":{"name":"(anonymous_5)","decl":{"start":{"line":23,"column":102},"end":{"line":23,"column":103}},"loc":{"start":{"line":23,"column":120},"end":{"line":29,"column":3}},"line":23},"6":{"name":"(anonymous_6)","decl":{"start":{"line":40,"column":37},"end":{"line":40,"column":38}},"loc":{"start":{"line":40,"column":60},"end":{"line":45,"column":1}},"line":40},"7":{"name":"(anonymous_7)","decl":{"start":{"line":42,"column":12},"end":{"line":42,"column":13}},"loc":{"start":{"line":42,"column":42},"end":{"line":42,"column":73}},"line":42},"8":{"name":"(anonymous_8)","decl":{"start":{"line":43,"column":10},"end":{"line":43,"column":11}},"loc":{"start":{"line":43,"column":22},"end":{"line":43,"column":49}},"line":43},"9":{"name":"(anonymous_9)","decl":{"start":{"line":47,"column":17},"end":{"line":47,"column":18}},"loc":{"start":{"line":47,"column":50},"end":{"line":51,"column":1}},"line":47}},"branchMap":{"0":{"loc":{"start":{"line":24,"column":4},"end":{"line":28,"column":5}},"type":"if","locations":[{"start":{"line":24,"column":4},"end":{"line":28,"column":5}},{"start":{"line":24,"column":4},"end":{"line":28,"column":5}}],"line":24}},"s":{"0":1,"1":1,"2":2,"3":2,"4":2,"5":2,"6":2,"7":2,"8":2,"9":1,"10":1,"11":1,"12":1,"13":2,"14":1,"15":1,"16":1,"17":2},"f":{"0":2,"1":2,"2":2,"3":2,"4":2,"5":2,"6":1,"7":2,"8":1,"9":2},"b":{"0":[1,1]},"_coverageSchema":"43e27e138ebf9cfc5966b082cf9a028302ed4184","hash":"0a12398acefd85a3078d7540ab5ff191fdbdbebf","contentHash":"8687f3d357322ecdc42726f2fef6f471f7339593915f94f0223d4555637c631a"},"C:\\Users\\jonathan\\Desktop\\LOG4420-rep\\repository\\TP3\\src\\services\\mongo\\news.js":{"path":"C:\\Users\\jonathan\\Desktop\\LOG4420-rep\\repository\\TP3\\src\\services\\mongo\\news.js","statementMap":{"0":{"start":{"line":1,"column":15},"end":{"line":1,"column":32}},"1":{"start":{"line":4,"column":4},"end":{"line":4,"column":23}},"2":{"start":{"line":21,"column":16},"end":{"line":39,"column":1}},"3":{"start":{"line":21,"column":22},"end":{"line":39,"column":1}},"4":{"start":{"line":21,"column":34},"end":{"line":39,"column":1}},"5":{"start":{"line":24,"column":2},"end":{"line":38,"column":5}},"6":{"start":{"line":25,"column":4},"end":{"line":25,"column":42}},"7":{"start":{"line":26,"column":4},"end":{"line":26,"column":31}},"8":{"start":{"line":26,"column":13},"end":{"line":26,"column":31}},"9":{"start":{"line":27,"column":17},"end":{"line":36,"column":6}},"10":{"start":{"line":28,"column":29},"end":{"line":28,"column":64}},"11":{"start":{"line":29,"column":31},"end":{"line":29,"column":85}},"12":{"start":{"line":30,"column":6},"end":{"line":35,"column":7}},"13":{"start":{"line":37,"column":4},"end":{"line":37,"column":25}},"14":{"start":{"line":41,"column":0},"end":{"line":45,"column":1}},"15":{"start":{"line":42,"column":2},"end":{"line":44,"column":3}}},"fnMap":{"0":{"name":"(anonymous_0)","decl":{"start":{"line":21,"column":16},"end":{"line":21,"column":17}},"loc":{"start":{"line":21,"column":22},"end":{"line":39,"column":1}},"line":21},"1":{"name":"(anonymous_1)","decl":{"start":{"line":21,"column":22},"end":{"line":21,"column":23}},"loc":{"start":{"line":21,"column":34},"end":{"line":39,"column":1}},"line":21},"2":{"name":"(anonymous_2)","decl":{"start":{"line":21,"column":34},"end":{"line":21,"column":35}},"loc":{"start":{"line":21,"column":46},"end":{"line":39,"column":1}},"line":21},"3":{"name":"(anonymous_3)","decl":{"start":{"line":24,"column":41},"end":{"line":24,"column":42}},"loc":{"start":{"line":24,"column":64},"end":{"line":38,"column":3}},"line":24},"4":{"name":"(anonymous_4)","decl":{"start":{"line":27,"column":28},"end":{"line":27,"column":29}},"loc":{"start":{"line":27,"column":36},"end":{"line":36,"column":5}},"line":27},"5":{"name":"(anonymous_5)","decl":{"start":{"line":41,"column":17},"end":{"line":41,"column":18}},"loc":{"start":{"line":41,"column":23},"end":{"line":45,"column":1}},"line":41}},"branchMap":{"0":{"loc":{"start":{"line":26,"column":4},"end":{"line":26,"column":31}},"type":"if","locations":[{"start":{"line":26,"column":4},"end":{"line":26,"column":31}},{"start":{"line":26,"column":4},"end":{"line":26,"column":31}}],"line":26}},"s":{"0":1,"1":1,"2":1,"3":2,"4":2,"5":2,"6":2,"7":2,"8":0,"9":2,"10":10,"11":10,"12":10,"13":2,"14":1,"15":2},"f":{"0":2,"1":2,"2":2,"3":2,"4":10,"5":2},"b":{"0":[0,2]},"_coverageSchema":"43e27e138ebf9cfc5966b082cf9a028302ed4184","hash":"aa481a9cb5f5c3a244327917d3eef76126e09ae2","contentHash":"7758e4264c83b815077358d693fbd0b57123ceca129ad84c01d08aafeaf78e55"},"C:\\Users\\jonathan\\Desktop\\LOG4420-rep\\repository\\TP3\\src\\services\\utils.js":{"path":"C:\\Users\\jonathan\\Desktop\\LOG4420-rep\\repository\\TP3\\src\\services\\utils.js","statementMap":{"0":{"start":{"line":15,"column":0},"end":{"line":23,"column":1}},"1":{"start":{"line":16,"column":2},"end":{"line":22,"column":3}},"2":{"start":{"line":17,"column":4},"end":{"line":17,"column":13}},"3":{"start":{"line":18,"column":9},"end":{"line":22,"column":3}},"4":{"start":{"line":19,"column":4},"end":{"line":19,"column":26}},"5":{"start":{"line":21,"column":4},"end":{"line":21,"column":22}}},"fnMap":{"0":{"name":"(anonymous_0)","decl":{"start":{"line":15,"column":25},"end":{"line":15,"column":26}},"loc":{"start":{"line":15,"column":46},"end":{"line":23,"column":1}},"line":15}},"branchMap":{"0":{"loc":{"start":{"line":16,"column":2},"end":{"line":22,"column":3}},"type":"if","locations":[{"start":{"line":16,"column":2},"end":{"line":22,"column":3}},{"start":{"line":16,"column":2},"end":{"line":22,"column":3}}],"line":16},"1":{"loc":{"start":{"line":18,"column":9},"end":{"line":22,"column":3}},"type":"if","locations":[{"start":{"line":18,"column":9},"end":{"line":22,"column":3}},{"start":{"line":18,"column":9},"end":{"line":22,"column":3}}],"line":18}},"s":{"0":1,"1":354,"2":9,"3":345,"4":341,"5":4},"f":{"0":354},"b":{"0":[9,345],"1":[341,4]},"_coverageSchema":"43e27e138ebf9cfc5966b082cf9a028302ed4184","hash":"9c2f3e9ad4af75cb8e273d7bb762f6b586afd677","contentHash":"20cc05e96c94d841f03bd9a9caf2375953c01ec2004e3bb2909534355537a4fa"},"C:\\Users\\jonathan\\Desktop\\LOG4420-rep\\repository\\TP3\\src\\services\\yaml\\news.js":{"path":"C:\\Users\\jonathan\\Desktop\\LOG4420-rep\\repository\\TP3\\src\\services\\yaml\\news.js","statementMap":{"0":{"start":{"line":1,"column":13},"end":{"line":1,"column":31}},"1":{"start":{"line":2,"column":15},"end":{"line":2,"column":32}},"2":{"start":{"line":3,"column":27},"end":{"line":3,"column":46}},"3":{"start":{"line":20,"column":16},"end":{"line":40,"column":1}},"4":{"start":{"line":20,"column":22},"end":{"line":40,"column":1}},"5":{"start":{"line":20,"column":34},"end":{"line":40,"column":1}},"6":{"start":{"line":21,"column":2},"end":{"line":39,"column":4}},"7":{"start":{"line":22,"column":4},"end":{"line":38,"column":5}},"8":{"start":{"line":23,"column":6},"end":{"line":23,"column":25}},"9":{"start":{"line":25,"column":29},"end":{"line":25,"column":51}},"10":{"start":{"line":26,"column":19},"end":{"line":36,"column":10}},"11":{"start":{"line":28,"column":33},"end":{"line":28,"column":65}},"12":{"start":{"line":29,"column":35},"end":{"line":29,"column":86}},"13":{"start":{"line":30,"column":10},"end":{"line":35,"column":11}},"14":{"start":{"line":37,"column":6},"end":{"line":37,"column":26}},"15":{"start":{"line":42,"column":0},"end":{"line":46,"column":1}},"16":{"start":{"line":43,"column":2},"end":{"line":45,"column":3}}},"fnMap":{"0":{"name":"(anonymous_0)","decl":{"start":{"line":20,"column":16},"end":{"line":20,"column":17}},"loc":{"start":{"line":20,"column":22},"end":{"line":40,"column":1}},"line":20},"1":{"name":"(anonymous_1)","decl":{"start":{"line":20,"column":22},"end":{"line":20,"column":23}},"loc":{"start":{"line":20,"column":34},"end":{"line":40,"column":1}},"line":20},"2":{"name":"(anonymous_2)","decl":{"start":{"line":20,"column":34},"end":{"line":20,"column":35}},"loc":{"start":{"line":20,"column":46},"end":{"line":40,"column":1}},"line":20},"3":{"name":"(anonymous_3)","decl":{"start":{"line":21,"column":41},"end":{"line":21,"column":42}},"loc":{"start":{"line":21,"column":59},"end":{"line":39,"column":3}},"line":21},"4":{"name":"(anonymous_4)","decl":{"start":{"line":27,"column":13},"end":{"line":27,"column":14}},"loc":{"start":{"line":27,"column":18},"end":{"line":36,"column":9}},"line":27},"5":{"name":"(anonymous_5)","decl":{"start":{"line":42,"column":17},"end":{"line":42,"column":18}},"loc":{"start":{"line":42,"column":23},"end":{"line":46,"column":1}},"line":42}},"branchMap":{"0":{"loc":{"start":{"line":22,"column":4},"end":{"line":38,"column":5}},"type":"if","locations":[{"start":{"line":22,"column":4},"end":{"line":38,"column":5}},{"start":{"line":22,"column":4},"end":{"line":38,"column":5}}],"line":22},"1":{"loc":{"start":{"line":26,"column":20},"end":{"line":26,"column":67}},"type":"cond-expr","locations":[{"start":{"line":26,"column":48},"end":{"line":26,"column":50}},{"start":{"line":26,"column":53},"end":{"line":26,"column":67}}],"line":26}},"s":{"0":1,"1":1,"2":1,"3":1,"4":3,"5":3,"6":3,"7":3,"8":1,"9":2,"10":2,"11":1,"12":1,"13":1,"14":2,"15":1,"16":3},"f":{"0":3,"1":3,"2":3,"3":3,"4":1,"5":3},"b":{"0":[1,2],"1":[1,1]},"_coverageSchema":"43e27e138ebf9cfc5966b082cf9a028302ed4184","hash":"b4ee7e01859bfe731a38158c71a66950f299cfa6","contentHash":"81ef19912179c0cf61da9f2f74d87269f0989f6eb4fca001267e8a1f6629f614"},"C:\\Users\\jonathan\\Desktop\\LOG4420-rep\\repository\\TP3\\src\\services\\mongo\\projects.js":{"path":"C:\\Users\\jonathan\\Desktop\\LOG4420-rep\\repository\\TP3\\src\\services\\mongo\\projects.js","statementMap":{"0":{"start":{"line":3,"column":4},"end":{"line":3,"column":23}},"1":{"start":{"line":4,"column":17},"end":{"line":4,"column":44}},"2":{"start":{"line":21,"column":20},"end":{"line":39,"column":1}},"3":{"start":{"line":21,"column":26},"end":{"line":39,"column":1}},"4":{"start":{"line":21,"column":38},"end":{"line":39,"column":1}},"5":{"start":{"line":24,"column":4},"end":{"line":38,"column":7}},"6":{"start":{"line":25,"column":8},"end":{"line":25,"column":49}},"7":{"start":{"line":26,"column":8},"end":{"line":26,"column":34}},"8":{"start":{"line":26,"column":17},"end":{"line":26,"column":34}},"9":{"start":{"line":27,"column":25},"end":{"line":36,"column":10}},"10":{"start":{"line":28,"column":36},"end":{"line":28,"column":75}},"11":{"start":{"line":29,"column":42},"end":{"line":29,"column":87}},"12":{"start":{"line":30,"column":12},"end":{"line":35,"column":13}},"13":{"start":{"line":37,"column":8},"end":{"line":37,"column":32}},"14":{"start":{"line":58,"column":23},"end":{"line":94,"column":1}},"15":{"start":{"line":58,"column":29},"end":{"line":94,"column":1}},"16":{"start":{"line":58,"column":47},"end":{"line":94,"column":1}},"17":{"start":{"line":58,"column":59},"end":{"line":94,"column":1}},"18":{"start":{"line":58,"column":65},"end":{"line":94,"column":1}},"19":{"start":{"line":60,"column":4},"end":{"line":93,"column":6}},"20":{"start":{"line":61,"column":8},"end":{"line":92,"column":9}},"21":{"start":{"line":61,"column":17},"end":{"line":61,"column":34}},"22":{"start":{"line":63,"column":31},"end":{"line":63,"column":63}},"23":{"start":{"line":63,"column":50},"end":{"line":63,"column":62}},"24":{"start":{"line":64,"column":12},"end":{"line":91,"column":13}},"25":{"start":{"line":65,"column":16},"end":{"line":79,"column":18}},"26":{"start":{"line":66,"column":20},"end":{"line":77,"column":21}},"27":{"start":{"line":67,"column":24},"end":{"line":67,"column":83}},"28":{"start":{"line":69,"column":24},"end":{"line":69,"column":56}},"29":{"start":{"line":70,"column":24},"end":{"line":70,"column":74}},"30":{"start":{"line":71,"column":24},"end":{"line":74,"column":25}},"31":{"start":{"line":75,"column":24},"end":{"line":75,"column":85}},"32":{"start":{"line":76,"column":24},"end":{"line":76,"column":46}},"33":{"start":{"line":81,"column":33},"end":{"line":81,"column":249}},"34":{"start":{"line":82,"column":30},"end":{"line":82,"column":49}},"35":{"start":{"line":83,"column":16},"end":{"line":83,"column":40}},"36":{"start":{"line":84,"column":16},"end":{"line":84,"column":54}},"37":{"start":{"line":85,"column":16},"end":{"line":88,"column":17}},"38":{"start":{"line":89,"column":16},"end":{"line":89,"column":77}},"39":{"start":{"line":90,"column":16},"end":{"line":90,"column":39}},"40":{"start":{"line":96,"column":0},"end":{"line":101,"column":1}},"41":{"start":{"line":97,"column":4},"end":{"line":100,"column":5}}},"fnMap":{"0":{"name":"(anonymous_0)","decl":{"start":{"line":21,"column":20},"end":{"line":21,"column":21}},"loc":{"start":{"line":21,"column":26},"end":{"line":39,"column":1}},"line":21},"1":{"name":"(anonymous_1)","decl":{"start":{"line":21,"column":26},"end":{"line":21,"column":27}},"loc":{"start":{"line":21,"column":38},"end":{"line":39,"column":1}},"line":21},"2":{"name":"(anonymous_2)","decl":{"start":{"line":21,"column":38},"end":{"line":21,"column":39}},"loc":{"start":{"line":21,"column":50},"end":{"line":39,"column":1}},"line":21},"3":{"name":"(anonymous_3)","decl":{"start":{"line":24,"column":47},"end":{"line":24,"column":48}},"loc":{"start":{"line":24,"column":69},"end":{"line":38,"column":5}},"line":24},"4":{"name":"(anonymous_4)","decl":{"start":{"line":27,"column":36},"end":{"line":27,"column":37}},"loc":{"start":{"line":27,"column":47},"end":{"line":36,"column":9}},"line":27},"5":{"name":"(anonymous_5)","decl":{"start":{"line":58,"column":23},"end":{"line":58,"column":24}},"loc":{"start":{"line":58,"column":29},"end":{"line":94,"column":1}},"line":58},"6":{"name":"(anonymous_6)","decl":{"start":{"line":58,"column":29},"end":{"line":58,"column":30}},"loc":{"start":{"line":58,"column":47},"end":{"line":94,"column":1}},"line":58},"7":{"name":"(anonymous_7)","decl":{"start":{"line":58,"column":47},"end":{"line":58,"column":48}},"loc":{"start":{"line":58,"column":59},"end":{"line":94,"column":1}},"line":58},"8":{"name":"(anonymous_8)","decl":{"start":{"line":58,"column":59},"end":{"line":58,"column":60}},"loc":{"start":{"line":58,"column":65},"end":{"line":94,"column":1}},"line":58},"9":{"name":"(anonymous_9)","decl":{"start":{"line":58,"column":65},"end":{"line":58,"column":66}},"loc":{"start":{"line":58,"column":77},"end":{"line":94,"column":1}},"line":58},"10":{"name":"(anonymous_10)","decl":{"start":{"line":60,"column":30},"end":{"line":60,"column":31}},"loc":{"start":{"line":60,"column":49},"end":{"line":93,"column":5}},"line":60},"11":{"name":"(anonymous_11)","decl":{"start":{"line":63,"column":45},"end":{"line":63,"column":46}},"loc":{"start":{"line":63,"column":50},"end":{"line":63,"column":62}},"line":63},"12":{"name":"(anonymous_12)","decl":{"start":{"line":65,"column":104},"end":{"line":65,"column":105}},"loc":{"start":{"line":65,"column":123},"end":{"line":79,"column":17}},"line":65},"13":{"name":"(anonymous_13)","decl":{"start":{"line":96,"column":17},"end":{"line":96,"column":18}},"loc":{"start":{"line":96,"column":23},"end":{"line":101,"column":1}},"line":96}},"branchMap":{"0":{"loc":{"start":{"line":26,"column":8},"end":{"line":26,"column":34}},"type":"if","locations":[{"start":{"line":26,"column":8},"end":{"line":26,"column":34}},{"start":{"line":26,"column":8},"end":{"line":26,"column":34}}],"line":26},"1":{"loc":{"start":{"line":34,"column":30},"end":{"line":34,"column":94}},"type":"cond-expr","locations":[{"start":{"line":34,"column":69},"end":{"line":34,"column":71}},{"start":{"line":34,"column":74},"end":{"line":34,"column":94}}],"line":34},"2":{"loc":{"start":{"line":61,"column":8},"end":{"line":92,"column":9}},"type":"if","locations":[{"start":{"line":61,"column":8},"end":{"line":92,"column":9}},{"start":{"line":61,"column":8},"end":{"line":92,"column":9}}],"line":61},"3":{"loc":{"start":{"line":64,"column":12},"end":{"line":91,"column":13}},"type":"if","locations":[{"start":{"line":64,"column":12},"end":{"line":91,"column":13}},{"start":{"line":64,"column":12},"end":{"line":91,"column":13}}],"line":64},"4":{"loc":{"start":{"line":64,"column":16},"end":{"line":64,"column":81}},"type":"binary-expr","locations":[{"start":{"line":64,"column":16},"end":{"line":64,"column":40}},{"start":{"line":64,"column":44},"end":{"line":64,"column":81}}],"line":64},"5":{"loc":{"start":{"line":66,"column":20},"end":{"line":77,"column":21}},"type":"if","locations":[{"start":{"line":66,"column":20},"end":{"line":77,"column":21}},{"start":{"line":66,"column":20},"end":{"line":77,"column":21}}],"line":66},"6":{"loc":{"start":{"line":81,"column":33},"end":{"line":81,"column":249}},"type":"cond-expr","locations":[{"start":{"line":81,"column":177},"end":{"line":81,"column":194}},{"start":{"line":81,"column":197},"end":{"line":81,"column":249}}],"line":81},"7":{"loc":{"start":{"line":81,"column":33},"end":{"line":81,"column":174}},"type":"binary-expr","locations":[{"start":{"line":81,"column":33},"end":{"line":81,"column":61}},{"start":{"line":81,"column":65},"end":{"line":81,"column":105}},{"start":{"line":81,"column":109},"end":{"line":81,"column":174}}],"line":81}},"s":{"0":1,"1":1,"2":1,"3":8,"4":7,"5":7,"6":7,"7":7,"8":0,"9":7,"10":119,"11":119,"12":119,"13":7,"14":1,"15":5,"16":3,"17":3,"18":3,"19":3,"20":3,"21":0,"22":3,"23":19,"24":3,"25":2,"26":2,"27":0,"28":2,"29":2,"30":2,"31":2,"32":2,"33":1,"34":1,"35":1,"36":1,"37":1,"38":1,"39":1,"40":1,"41":5},"f":{"0":8,"1":7,"2":7,"3":7,"4":119,"5":5,"6":3,"7":3,"8":3,"9":3,"10":3,"11":19,"12":2,"13":5},"b":{"0":[0,7],"1":[0,119],"2":[0,3],"3":[2,1],"4":[3,2],"5":[0,2],"6":[0,1],"7":[1,0,0]},"_coverageSchema":"43e27e138ebf9cfc5966b082cf9a028302ed4184","hash":"6ab87091e45ea4defedb72cdde01fd75d5b7cc32","contentHash":"75fcba966e40c28793cf5debe903d75ba98f4fd32a2f99d702bbfe2c0624f531"},"C:\\Users\\jonathan\\Desktop\\LOG4420-rep\\repository\\TP3\\src\\services\\yaml\\projects.js":{"path":"C:\\Users\\jonathan\\Desktop\\LOG4420-rep\\repository\\TP3\\src\\services\\yaml\\projects.js","statementMap":{"0":{"start":{"line":1,"column":13},"end":{"line":1,"column":31}},"1":{"start":{"line":2,"column":27},"end":{"line":2,"column":46}},"2":{"start":{"line":19,"column":20},"end":{"line":40,"column":1}},"3":{"start":{"line":19,"column":26},"end":{"line":40,"column":1}},"4":{"start":{"line":19,"column":38},"end":{"line":40,"column":1}},"5":{"start":{"line":20,"column":4},"end":{"line":39,"column":6}},"6":{"start":{"line":21,"column":8},"end":{"line":38,"column":9}},"7":{"start":{"line":22,"column":12},"end":{"line":22,"column":31}},"8":{"start":{"line":24,"column":35},"end":{"line":24,"column":57}},"9":{"start":{"line":25,"column":29},"end":{"line":36,"column":18}},"10":{"start":{"line":28,"column":44},"end":{"line":28,"column":83}},"11":{"start":{"line":29,"column":50},"end":{"line":29,"column":95}},"12":{"start":{"line":30,"column":20},"end":{"line":35,"column":21}},"13":{"start":{"line":37,"column":12},"end":{"line":37,"column":36}},"14":{"start":{"line":59,"column":23},"end":{"line":75,"column":1}},"15":{"start":{"line":59,"column":29},"end":{"line":75,"column":1}},"16":{"start":{"line":59,"column":47},"end":{"line":75,"column":1}},"17":{"start":{"line":59,"column":59},"end":{"line":75,"column":1}},"18":{"start":{"line":59,"column":65},"end":{"line":75,"column":1}},"19":{"start":{"line":60,"column":4},"end":{"line":74,"column":6}},"20":{"start":{"line":61,"column":8},"end":{"line":73,"column":9}},"21":{"start":{"line":62,"column":12},"end":{"line":62,"column":31}},"22":{"start":{"line":64,"column":31},"end":{"line":64,"column":63}},"23":{"start":{"line":64,"column":50},"end":{"line":64,"column":62}},"24":{"start":{"line":65,"column":12},"end":{"line":72,"column":13}},"25":{"start":{"line":66,"column":16},"end":{"line":66,"column":42}},"26":{"start":{"line":68,"column":33},"end":{"line":68,"column":249}},"27":{"start":{"line":69,"column":30},"end":{"line":69,"column":49}},"28":{"start":{"line":70,"column":16},"end":{"line":70,"column":40}},"29":{"start":{"line":71,"column":16},"end":{"line":71,"column":37}},"30":{"start":{"line":77,"column":0},"end":{"line":82,"column":1}},"31":{"start":{"line":78,"column":4},"end":{"line":81,"column":5}}},"fnMap":{"0":{"name":"(anonymous_0)","decl":{"start":{"line":19,"column":20},"end":{"line":19,"column":21}},"loc":{"start":{"line":19,"column":26},"end":{"line":40,"column":1}},"line":19},"1":{"name":"(anonymous_1)","decl":{"start":{"line":19,"column":26},"end":{"line":19,"column":27}},"loc":{"start":{"line":19,"column":38},"end":{"line":40,"column":1}},"line":19},"2":{"name":"(anonymous_2)","decl":{"start":{"line":19,"column":38},"end":{"line":19,"column":39}},"loc":{"start":{"line":19,"column":50},"end":{"line":40,"column":1}},"line":19},"3":{"name":"(anonymous_3)","decl":{"start":{"line":20,"column":47},"end":{"line":20,"column":48}},"loc":{"start":{"line":20,"column":65},"end":{"line":39,"column":5}},"line":20},"4":{"name":"(anonymous_4)","decl":{"start":{"line":27,"column":21},"end":{"line":27,"column":22}},"loc":{"start":{"line":27,"column":32},"end":{"line":36,"column":17}},"line":27},"5":{"name":"(anonymous_5)","decl":{"start":{"line":59,"column":23},"end":{"line":59,"column":24}},"loc":{"start":{"line":59,"column":29},"end":{"line":75,"column":1}},"line":59},"6":{"name":"(anonymous_6)","decl":{"start":{"line":59,"column":29},"end":{"line":59,"column":30}},"loc":{"start":{"line":59,"column":47},"end":{"line":75,"column":1}},"line":59},"7":{"name":"(anonymous_7)","decl":{"start":{"line":59,"column":47},"end":{"line":59,"column":48}},"loc":{"start":{"line":59,"column":59},"end":{"line":75,"column":1}},"line":59},"8":{"name":"(anonymous_8)","decl":{"start":{"line":59,"column":59},"end":{"line":59,"column":60}},"loc":{"start":{"line":59,"column":65},"end":{"line":75,"column":1}},"line":59},"9":{"name":"(anonymous_9)","decl":{"start":{"line":59,"column":65},"end":{"line":59,"column":66}},"loc":{"start":{"line":59,"column":77},"end":{"line":75,"column":1}},"line":59},"10":{"name":"(anonymous_10)","decl":{"start":{"line":60,"column":30},"end":{"line":60,"column":31}},"loc":{"start":{"line":60,"column":49},"end":{"line":74,"column":5}},"line":60},"11":{"name":"(anonymous_11)","decl":{"start":{"line":64,"column":45},"end":{"line":64,"column":46}},"loc":{"start":{"line":64,"column":50},"end":{"line":64,"column":62}},"line":64},"12":{"name":"(anonymous_12)","decl":{"start":{"line":77,"column":17},"end":{"line":77,"column":18}},"loc":{"start":{"line":77,"column":23},"end":{"line":82,"column":1}},"line":77}},"branchMap":{"0":{"loc":{"start":{"line":21,"column":8},"end":{"line":38,"column":9}},"type":"if","locations":[{"start":{"line":21,"column":8},"end":{"line":38,"column":9}},{"start":{"line":21,"column":8},"end":{"line":38,"column":9}}],"line":21},"1":{"loc":{"start":{"line":25,"column":30},"end":{"line":25,"column":77}},"type":"cond-expr","locations":[{"start":{"line":25,"column":58},"end":{"line":25,"column":60}},{"start":{"line":25,"column":63},"end":{"line":25,"column":77}}],"line":25},"2":{"loc":{"start":{"line":34,"column":38},"end":{"line":34,"column":102}},"type":"cond-expr","locations":[{"start":{"line":34,"column":77},"end":{"line":34,"column":79}},{"start":{"line":34,"column":82},"end":{"line":34,"column":102}}],"line":34},"3":{"loc":{"start":{"line":61,"column":8},"end":{"line":73,"column":9}},"type":"if","locations":[{"start":{"line":61,"column":8},"end":{"line":73,"column":9}},{"start":{"line":61,"column":8},"end":{"line":73,"column":9}}],"line":61},"4":{"loc":{"start":{"line":65,"column":12},"end":{"line":72,"column":13}},"type":"if","locations":[{"start":{"line":65,"column":12},"end":{"line":72,"column":13}},{"start":{"line":65,"column":12},"end":{"line":72,"column":13}}],"line":65},"5":{"loc":{"start":{"line":68,"column":33},"end":{"line":68,"column":249}},"type":"cond-expr","locations":[{"start":{"line":68,"column":177},"end":{"line":68,"column":194}},{"start":{"line":68,"column":197},"end":{"line":68,"column":249}}],"line":68},"6":{"loc":{"start":{"line":68,"column":33},"end":{"line":68,"column":174}},"type":"binary-expr","locations":[{"start":{"line":68,"column":33},"end":{"line":68,"column":61}},{"start":{"line":68,"column":65},"end":{"line":68,"column":105}},{"start":{"line":68,"column":109},"end":{"line":68,"column":174}}],"line":68}},"s":{"0":1,"1":1,"2":1,"3":10,"4":7,"5":7,"6":7,"7":2,"8":5,"9":5,"10":4,"11":4,"12":4,"13":5,"14":1,"15":7,"16":3,"17":3,"18":3,"19":3,"20":3,"21":1,"22":2,"23":2,"24":2,"25":1,"26":1,"27":1,"28":1,"29":1,"30":1,"31":7},"f":{"0":10,"1":7,"2":7,"3":7,"4":4,"5":7,"6":3,"7":3,"8":3,"9":3,"10":3,"11":2,"12":7},"b":{"0":[2,5],"1":[1,4],"2":[1,3],"3":[1,2],"4":[1,1],"5":[0,1],"6":[1,0,0]},"_coverageSchema":"43e27e138ebf9cfc5966b082cf9a028302ed4184","hash":"c958788c39f8333b6bbd551bc3c6bfa06a6165c2","contentHash":"05912fd8c14f393257290adfe701206ef25b037f3f84754cf54ec580fdc5d027"},"C:\\Users\\jonathan\\Desktop\\LOG4420-rep\\repository\\TP3\\src\\services\\mongo\\publication.js":{"path":"C:\\Users\\jonathan\\Desktop\\LOG4420-rep\\repository\\TP3\\src\\services\\mongo\\publication.js","statementMap":{"0":{"start":{"line":1,"column":15},"end":{"line":1,"column":32}},"1":{"start":{"line":2,"column":16},"end":{"line":2,"column":34}},"2":{"start":{"line":18,"column":32},"end":{"line":28,"column":1}},"3":{"start":{"line":18,"column":38},"end":{"line":28,"column":1}},"4":{"start":{"line":20,"column":4},"end":{"line":27,"column":6}},"5":{"start":{"line":21,"column":8},"end":{"line":26,"column":9}},"6":{"start":{"line":22,"column":12},"end":{"line":22,"column":31}},"7":{"start":{"line":24,"column":34},"end":{"line":24,"column":67}},"8":{"start":{"line":25,"column":12},"end":{"line":25,"column":47}},"9":{"start":{"line":51,"column":24},"end":{"line":75,"column":1}},"10":{"start":{"line":51,"column":30},"end":{"line":75,"column":1}},"11":{"start":{"line":51,"column":44},"end":{"line":75,"column":1}},"12":{"start":{"line":52,"column":4},"end":{"line":74,"column":6}},"13":{"start":{"line":53,"column":8},"end":{"line":73,"column":9}},"14":{"start":{"line":54,"column":12},"end":{"line":54,"column":31}},"15":{"start":{"line":56,"column":33},"end":{"line":63,"column":18}},"16":{"start":{"line":59,"column":20},"end":{"line":62,"column":21}},"17":{"start":{"line":65,"column":12},"end":{"line":72,"column":13}},"18":{"start":{"line":66,"column":16},"end":{"line":66,"column":44}},"19":{"start":{"line":68,"column":35},"end":{"line":68,"column":81}},"20":{"start":{"line":69,"column":33},"end":{"line":69,"column":62}},"21":{"start":{"line":70,"column":41},"end":{"line":70,"column":81}},"22":{"start":{"line":71,"column":16},"end":{"line":71,"column":48}},"23":{"start":{"line":86,"column":28},"end":{"line":96,"column":1}},"24":{"start":{"line":86,"column":42},"end":{"line":96,"column":1}},"25":{"start":{"line":87,"column":4},"end":{"line":95,"column":9}},"26":{"start":{"line":88,"column":8},"end":{"line":93,"column":9}},"27":{"start":{"line":89,"column":26},"end":{"line":89,"column":63}},"28":{"start":{"line":90,"column":26},"end":{"line":90,"column":33}},"29":{"start":{"line":91,"column":28},"end":{"line":91,"column":86}},"30":{"start":{"line":92,"column":12},"end":{"line":92,"column":84}},"31":{"start":{"line":94,"column":8},"end":{"line":94,"column":18}},"32":{"start":{"line":114,"column":26},"end":{"line":127,"column":1}},"33":{"start":{"line":114,"column":32},"end":{"line":127,"column":1}},"34":{"start":{"line":114,"column":47},"end":{"line":127,"column":1}},"35":{"start":{"line":116,"column":4},"end":{"line":116,"column":37}},"36":{"start":{"line":117,"column":4},"end":{"line":117,"column":26}},"37":{"start":{"line":118,"column":4},"end":{"line":126,"column":6}},"38":{"start":{"line":119,"column":8},"end":{"line":125,"column":9}},"39":{"start":{"line":120,"column":12},"end":{"line":120,"column":87}},"40":{"start":{"line":121,"column":12},"end":{"line":121,"column":31}},"41":{"start":{"line":123,"column":12},"end":{"line":123,"column":70}},"42":{"start":{"line":124,"column":12},"end":{"line":124,"column":22}},"43":{"start":{"line":136,"column":26},"end":{"line":147,"column":1}},"44":{"start":{"line":136,"column":32},"end":{"line":147,"column":1}},"45":{"start":{"line":136,"column":38},"end":{"line":147,"column":1}},"46":{"start":{"line":138,"column":4},"end":{"line":146,"column":6}},"47":{"start":{"line":139,"column":8},"end":{"line":145,"column":9}},"48":{"start":{"line":140,"column":12},"end":{"line":140,"column":87}},"49":{"start":{"line":141,"column":12},"end":{"line":141,"column":31}},"50":{"start":{"line":143,"column":12},"end":{"line":143,"column":53}},"51":{"start":{"line":144,"column":12},"end":{"line":144,"column":22}},"52":{"start":{"line":164,"column":29},"end":{"line":173,"column":1}},"53":{"start":{"line":164,"column":35},"end":{"line":173,"column":1}},"54":{"start":{"line":164,"column":45},"end":{"line":173,"column":1}},"55":{"start":{"line":166,"column":4},"end":{"line":172,"column":6}},"56":{"start":{"line":167,"column":8},"end":{"line":171,"column":9}},"57":{"start":{"line":168,"column":12},"end":{"line":168,"column":31}},"58":{"start":{"line":170,"column":12},"end":{"line":170,"column":141}},"59":{"start":{"line":170,"column":62},"end":{"line":170,"column":94}},"60":{"start":{"line":170,"column":113},"end":{"line":170,"column":139}},"61":{"start":{"line":175,"column":0},"end":{"line":183,"column":1}},"62":{"start":{"line":176,"column":4},"end":{"line":182,"column":5}}},"fnMap":{"0":{"name":"(anonymous_0)","decl":{"start":{"line":18,"column":32},"end":{"line":18,"column":33}},"loc":{"start":{"line":18,"column":38},"end":{"line":28,"column":1}},"line":18},"1":{"name":"(anonymous_1)","decl":{"start":{"line":18,"column":38},"end":{"line":18,"column":39}},"loc":{"start":{"line":18,"column":50},"end":{"line":28,"column":1}},"line":18},"2":{"name":"(anonymous_2)","decl":{"start":{"line":20,"column":49},"end":{"line":20,"column":50}},"loc":{"start":{"line":20,"column":67},"end":{"line":27,"column":5}},"line":20},"3":{"name":"(anonymous_3)","decl":{"start":{"line":51,"column":24},"end":{"line":51,"column":25}},"loc":{"start":{"line":51,"column":30},"end":{"line":75,"column":1}},"line":51},"4":{"name":"(anonymous_4)","decl":{"start":{"line":51,"column":30},"end":{"line":51,"column":31}},"loc":{"start":{"line":51,"column":44},"end":{"line":75,"column":1}},"line":51},"5":{"name":"(anonymous_5)","decl":{"start":{"line":51,"column":44},"end":{"line":51,"column":45}},"loc":{"start":{"line":51,"column":56},"end":{"line":75,"column":1}},"line":51},"6":{"name":"(anonymous_6)","decl":{"start":{"line":52,"column":49},"end":{"line":52,"column":50}},"loc":{"start":{"line":52,"column":67},"end":{"line":74,"column":5}},"line":52},"7":{"name":"(anonymous_7)","decl":{"start":{"line":58,"column":21},"end":{"line":58,"column":22}},"loc":{"start":{"line":58,"column":36},"end":{"line":63,"column":17}},"line":58},"8":{"name":"(anonymous_8)","decl":{"start":{"line":86,"column":28},"end":{"line":86,"column":29}},"loc":{"start":{"line":86,"column":42},"end":{"line":96,"column":1}},"line":86},"9":{"name":"(anonymous_9)","decl":{"start":{"line":86,"column":42},"end":{"line":86,"column":43}},"loc":{"start":{"line":86,"column":54},"end":{"line":96,"column":1}},"line":86},"10":{"name":"(anonymous_10)","decl":{"start":{"line":87,"column":37},"end":{"line":87,"column":38}},"loc":{"start":{"line":87,"column":52},"end":{"line":95,"column":5}},"line":87},"11":{"name":"(anonymous_11)","decl":{"start":{"line":114,"column":26},"end":{"line":114,"column":27}},"loc":{"start":{"line":114,"column":32},"end":{"line":127,"column":1}},"line":114},"12":{"name":"(anonymous_12)","decl":{"start":{"line":114,"column":32},"end":{"line":114,"column":33}},"loc":{"start":{"line":114,"column":47},"end":{"line":127,"column":1}},"line":114},"13":{"name":"(anonymous_13)","decl":{"start":{"line":114,"column":47},"end":{"line":114,"column":48}},"loc":{"start":{"line":114,"column":59},"end":{"line":127,"column":1}},"line":114},"14":{"name":"(anonymous_14)","decl":{"start":{"line":118,"column":54},"end":{"line":118,"column":55}},"loc":{"start":{"line":118,"column":79},"end":{"line":126,"column":5}},"line":118},"15":{"name":"(anonymous_15)","decl":{"start":{"line":136,"column":26},"end":{"line":136,"column":27}},"loc":{"start":{"line":136,"column":32},"end":{"line":147,"column":1}},"line":136},"16":{"name":"(anonymous_16)","decl":{"start":{"line":136,"column":32},"end":{"line":136,"column":33}},"loc":{"start":{"line":136,"column":38},"end":{"line":147,"column":1}},"line":136},"17":{"name":"(anonymous_17)","decl":{"start":{"line":136,"column":38},"end":{"line":136,"column":39}},"loc":{"start":{"line":136,"column":50},"end":{"line":147,"column":1}},"line":136},"18":{"name":"(anonymous_18)","decl":{"start":{"line":138,"column":56},"end":{"line":138,"column":57}},"loc":{"start":{"line":138,"column":78},"end":{"line":146,"column":5}},"line":138},"19":{"name":"(anonymous_19)","decl":{"start":{"line":164,"column":29},"end":{"line":164,"column":30}},"loc":{"start":{"line":164,"column":35},"end":{"line":173,"column":1}},"line":164},"20":{"name":"(anonymous_20)","decl":{"start":{"line":164,"column":35},"end":{"line":164,"column":36}},"loc":{"start":{"line":164,"column":45},"end":{"line":173,"column":1}},"line":164},"21":{"name":"(anonymous_21)","decl":{"start":{"line":164,"column":45},"end":{"line":164,"column":46}},"loc":{"start":{"line":164,"column":57},"end":{"line":173,"column":1}},"line":164},"22":{"name":"(anonymous_22)","decl":{"start":{"line":166,"column":35},"end":{"line":166,"column":36}},"loc":{"start":{"line":166,"column":54},"end":{"line":172,"column":5}},"line":166},"23":{"name":"(anonymous_23)","decl":{"start":{"line":170,"column":47},"end":{"line":170,"column":48}},"loc":{"start":{"line":170,"column":62},"end":{"line":170,"column":94}},"line":170},"24":{"name":"(anonymous_24)","decl":{"start":{"line":170,"column":101},"end":{"line":170,"column":102}},"loc":{"start":{"line":170,"column":113},"end":{"line":170,"column":139}},"line":170},"25":{"name":"(anonymous_25)","decl":{"start":{"line":175,"column":17},"end":{"line":175,"column":18}},"loc":{"start":{"line":175,"column":23},"end":{"line":183,"column":1}},"line":175}},"branchMap":{"0":{"loc":{"start":{"line":21,"column":8},"end":{"line":26,"column":9}},"type":"if","locations":[{"start":{"line":21,"column":8},"end":{"line":26,"column":9}},{"start":{"line":21,"column":8},"end":{"line":26,"column":9}}],"line":21},"1":{"loc":{"start":{"line":24,"column":34},"end":{"line":24,"column":67}},"type":"cond-expr","locations":[{"start":{"line":24,"column":55},"end":{"line":24,"column":57}},{"start":{"line":24,"column":60},"end":{"line":24,"column":67}}],"line":24},"2":{"loc":{"start":{"line":53,"column":8},"end":{"line":73,"column":9}},"type":"if","locations":[{"start":{"line":53,"column":8},"end":{"line":73,"column":9}},{"start":{"line":53,"column":8},"end":{"line":73,"column":9}}],"line":53},"3":{"loc":{"start":{"line":56,"column":34},"end":{"line":56,"column":67}},"type":"cond-expr","locations":[{"start":{"line":56,"column":55},"end":{"line":56,"column":57}},{"start":{"line":56,"column":60},"end":{"line":56,"column":67}}],"line":56},"4":{"loc":{"start":{"line":61,"column":31},"end":{"line":61,"column":131}},"type":"cond-expr","locations":[{"start":{"line":61,"column":67},"end":{"line":61,"column":76}},{"start":{"line":61,"column":79},"end":{"line":61,"column":131}}],"line":61},"5":{"loc":{"start":{"line":65,"column":12},"end":{"line":72,"column":13}},"type":"if","locations":[{"start":{"line":65,"column":12},"end":{"line":72,"column":13}},{"start":{"line":65,"column":12},"end":{"line":72,"column":13}}],"line":65},"6":{"loc":{"start":{"line":65,"column":16},"end":{"line":65,"column":113}},"type":"binary-expr","locations":[{"start":{"line":65,"column":16},"end":{"line":65,"column":40}},{"start":{"line":65,"column":44},"end":{"line":65,"column":79}},{"start":{"line":65,"column":83},"end":{"line":65,"column":113}}],"line":65},"7":{"loc":{"start":{"line":88,"column":8},"end":{"line":93,"column":9}},"type":"if","locations":[{"start":{"line":88,"column":8},"end":{"line":93,"column":9}},{"start":{"line":88,"column":8},"end":{"line":93,"column":9}}],"line":88},"8":{"loc":{"start":{"line":89,"column":26},"end":{"line":89,"column":63}},"type":"cond-expr","locations":[{"start":{"line":89,"column":47},"end":{"line":89,"column":53}},{"start":{"line":89,"column":56},"end":{"line":89,"column":63}}],"line":89},"9":{"loc":{"start":{"line":91,"column":28},"end":{"line":91,"column":86}},"type":"cond-expr","locations":[{"start":{"line":91,"column":52},"end":{"line":91,"column":54}},{"start":{"line":91,"column":57},"end":{"line":91,"column":86}}],"line":91},"10":{"loc":{"start":{"line":91,"column":57},"end":{"line":91,"column":86}},"type":"cond-expr","locations":[{"start":{"line":91,"column":81},"end":{"line":91,"column":82}},{"start":{"line":91,"column":85},"end":{"line":91,"column":86}}],"line":91},"11":{"loc":{"start":{"line":92,"column":19},"end":{"line":92,"column":84}},"type":"cond-expr","locations":[{"start":{"line":92,"column":37},"end":{"line":92,"column":44}},{"start":{"line":92,"column":47},"end":{"line":92,"column":84}}],"line":92},"12":{"loc":{"start":{"line":92,"column":47},"end":{"line":92,"column":84}},"type":"cond-expr","locations":[{"start":{"line":92,"column":66},"end":{"line":92,"column":74}},{"start":{"line":92,"column":77},"end":{"line":92,"column":84}}],"line":92},"13":{"loc":{"start":{"line":119,"column":8},"end":{"line":125,"column":9}},"type":"if","locations":[{"start":{"line":119,"column":8},"end":{"line":125,"column":9}},{"start":{"line":119,"column":8},"end":{"line":125,"column":9}}],"line":119},"14":{"loc":{"start":{"line":139,"column":8},"end":{"line":145,"column":9}},"type":"if","locations":[{"start":{"line":139,"column":8},"end":{"line":145,"column":9}},{"start":{"line":139,"column":8},"end":{"line":145,"column":9}}],"line":139},"15":{"loc":{"start":{"line":167,"column":8},"end":{"line":171,"column":9}},"type":"if","locations":[{"start":{"line":167,"column":8},"end":{"line":171,"column":9}},{"start":{"line":167,"column":8},"end":{"line":171,"column":9}}],"line":167},"16":{"loc":{"start":{"line":170,"column":113},"end":{"line":170,"column":139}},"type":"cond-expr","locations":[{"start":{"line":170,"column":133},"end":{"line":170,"column":134}},{"start":{"line":170,"column":137},"end":{"line":170,"column":139}}],"line":170}},"s":{"0":1,"1":1,"2":1,"3":8,"4":2,"5":2,"6":0,"7":2,"8":2,"9":1,"10":8,"11":6,"12":6,"13":6,"14":0,"15":6,"16":121,"17":3,"18":1,"19":2,"20":2,"21":2,"22":2,"23":1,"24":6,"25":121,"26":236,"27":236,"28":236,"29":236,"30":236,"31":0,"32":1,"33":8,"34":1,"35":1,"36":1,"37":1,"38":1,"39":0,"40":0,"41":1,"42":1,"43":1,"44":8,"45":1,"46":1,"47":1,"48":0,"49":0,"50":1,"51":1,"52":1,"53":8,"54":0,"55":0,"56":0,"57":0,"58":0,"59":0,"60":0,"61":1,"62":8},"f":{"0":8,"1":2,"2":2,"3":8,"4":6,"5":6,"6":6,"7":121,"8":6,"9":121,"10":236,"11":8,"12":1,"13":1,"14":1,"15":8,"16":1,"17":1,"18":1,"19":8,"20":0,"21":0,"22":0,"23":0,"24":0,"25":8},"b":{"0":[0,2],"1":[0,2],"2":[0,6],"3":[0,6],"4":[1,120],"5":[1,2],"6":[3,3,2],"7":[236,0],"8":[0,236],"9":[0,236],"10":[0,236],"11":[0,236],"12":[0,236],"13":[0,1],"14":[0,1],"15":[0,0],"16":[0,0]},"_coverageSchema":"43e27e138ebf9cfc5966b082cf9a028302ed4184","hash":"a9ed1123ba3576fcdab1c539fb232c277f7c6fdf","contentHash":"de6b5ff837b149e03709699c3550ee2557a0256603a834668d895018b9c0fea8"},"C:\\Users\\jonathan\\Desktop\\LOG4420-rep\\repository\\TP3\\src\\services\\yaml\\publication.js":{"path":"C:\\Users\\jonathan\\Desktop\\LOG4420-rep\\repository\\TP3\\src\\services\\yaml\\publication.js","statementMap":{"0":{"start":{"line":1,"column":13},"end":{"line":1,"column":31}},"1":{"start":{"line":2,"column":15},"end":{"line":2,"column":32}},"2":{"start":{"line":18,"column":32},"end":{"line":28,"column":1}},"3":{"start":{"line":18,"column":38},"end":{"line":28,"column":1}},"4":{"start":{"line":19,"column":4},"end":{"line":27,"column":6}},"5":{"start":{"line":20,"column":8},"end":{"line":26,"column":9}},"6":{"start":{"line":21,"column":12},"end":{"line":21,"column":31}},"7":{"start":{"line":23,"column":35},"end":{"line":23,"column":57}},"8":{"start":{"line":24,"column":34},"end":{"line":24,"column":81}},"9":{"start":{"line":25,"column":12},"end":{"line":25,"column":47}},"10":{"start":{"line":44,"column":24},"end":{"line":70,"column":1}},"11":{"start":{"line":44,"column":30},"end":{"line":70,"column":1}},"12":{"start":{"line":44,"column":44},"end":{"line":70,"column":1}},"13":{"start":{"line":46,"column":4},"end":{"line":69,"column":6}},"14":{"start":{"line":47,"column":8},"end":{"line":68,"column":9}},"15":{"start":{"line":48,"column":12},"end":{"line":48,"column":31}},"16":{"start":{"line":50,"column":35},"end":{"line":50,"column":57}},"17":{"start":{"line":51,"column":33},"end":{"line":58,"column":18}},"18":{"start":{"line":54,"column":20},"end":{"line":57,"column":21}},"19":{"start":{"line":60,"column":12},"end":{"line":67,"column":13}},"20":{"start":{"line":61,"column":16},"end":{"line":61,"column":44}},"21":{"start":{"line":63,"column":35},"end":{"line":63,"column":81}},"22":{"start":{"line":64,"column":33},"end":{"line":64,"column":62}},"23":{"start":{"line":65,"column":41},"end":{"line":65,"column":81}},"24":{"start":{"line":66,"column":16},"end":{"line":66,"column":48}},"25":{"start":{"line":72,"column":26},"end":{"line":74,"column":1}},"26":{"start":{"line":72,"column":32},"end":{"line":74,"column":1}},"27":{"start":{"line":72,"column":47},"end":{"line":74,"column":1}},"28":{"start":{"line":73,"column":4},"end":{"line":73,"column":14}},"29":{"start":{"line":76,"column":26},"end":{"line":78,"column":1}},"30":{"start":{"line":76,"column":32},"end":{"line":78,"column":1}},"31":{"start":{"line":76,"column":38},"end":{"line":78,"column":1}},"32":{"start":{"line":77,"column":4},"end":{"line":77,"column":14}},"33":{"start":{"line":89,"column":28},"end":{"line":99,"column":1}},"34":{"start":{"line":89,"column":42},"end":{"line":99,"column":1}},"35":{"start":{"line":90,"column":4},"end":{"line":98,"column":9}},"36":{"start":{"line":91,"column":8},"end":{"line":96,"column":9}},"37":{"start":{"line":92,"column":26},"end":{"line":92,"column":63}},"38":{"start":{"line":93,"column":26},"end":{"line":93,"column":33}},"39":{"start":{"line":94,"column":28},"end":{"line":94,"column":86}},"40":{"start":{"line":95,"column":12},"end":{"line":95,"column":84}},"41":{"start":{"line":97,"column":8},"end":{"line":97,"column":18}},"42":{"start":{"line":108,"column":29},"end":{"line":116,"column":1}},"43":{"start":{"line":108,"column":35},"end":{"line":116,"column":1}},"44":{"start":{"line":108,"column":45},"end":{"line":116,"column":1}},"45":{"start":{"line":109,"column":4},"end":{"line":115,"column":6}},"46":{"start":{"line":110,"column":8},"end":{"line":114,"column":9}},"47":{"start":{"line":111,"column":12},"end":{"line":111,"column":31}},"48":{"start":{"line":113,"column":12},"end":{"line":113,"column":141}},"49":{"start":{"line":113,"column":62},"end":{"line":113,"column":94}},"50":{"start":{"line":113,"column":113},"end":{"line":113,"column":139}},"51":{"start":{"line":118,"column":0},"end":{"line":126,"column":1}},"52":{"start":{"line":119,"column":4},"end":{"line":125,"column":5}}},"fnMap":{"0":{"name":"(anonymous_0)","decl":{"start":{"line":18,"column":32},"end":{"line":18,"column":33}},"loc":{"start":{"line":18,"column":38},"end":{"line":28,"column":1}},"line":18},"1":{"name":"(anonymous_1)","decl":{"start":{"line":18,"column":38},"end":{"line":18,"column":39}},"loc":{"start":{"line":18,"column":50},"end":{"line":28,"column":1}},"line":18},"2":{"name":"(anonymous_2)","decl":{"start":{"line":19,"column":51},"end":{"line":19,"column":52}},"loc":{"start":{"line":19,"column":69},"end":{"line":27,"column":5}},"line":19},"3":{"name":"(anonymous_3)","decl":{"start":{"line":44,"column":24},"end":{"line":44,"column":25}},"loc":{"start":{"line":44,"column":30},"end":{"line":70,"column":1}},"line":44},"4":{"name":"(anonymous_4)","decl":{"start":{"line":44,"column":30},"end":{"line":44,"column":31}},"loc":{"start":{"line":44,"column":44},"end":{"line":70,"column":1}},"line":44},"5":{"name":"(anonymous_5)","decl":{"start":{"line":44,"column":44},"end":{"line":44,"column":45}},"loc":{"start":{"line":44,"column":56},"end":{"line":70,"column":1}},"line":44},"6":{"name":"(anonymous_6)","decl":{"start":{"line":46,"column":51},"end":{"line":46,"column":52}},"loc":{"start":{"line":46,"column":69},"end":{"line":69,"column":5}},"line":46},"7":{"name":"(anonymous_7)","decl":{"start":{"line":53,"column":21},"end":{"line":53,"column":22}},"loc":{"start":{"line":53,"column":36},"end":{"line":58,"column":17}},"line":53},"8":{"name":"(anonymous_8)","decl":{"start":{"line":72,"column":26},"end":{"line":72,"column":27}},"loc":{"start":{"line":72,"column":32},"end":{"line":74,"column":1}},"line":72},"9":{"name":"(anonymous_9)","decl":{"start":{"line":72,"column":32},"end":{"line":72,"column":33}},"loc":{"start":{"line":72,"column":47},"end":{"line":74,"column":1}},"line":72},"10":{"name":"(anonymous_10)","decl":{"start":{"line":72,"column":47},"end":{"line":72,"column":48}},"loc":{"start":{"line":72,"column":59},"end":{"line":74,"column":1}},"line":72},"11":{"name":"(anonymous_11)","decl":{"start":{"line":76,"column":26},"end":{"line":76,"column":27}},"loc":{"start":{"line":76,"column":32},"end":{"line":78,"column":1}},"line":76},"12":{"name":"(anonymous_12)","decl":{"start":{"line":76,"column":32},"end":{"line":76,"column":33}},"loc":{"start":{"line":76,"column":38},"end":{"line":78,"column":1}},"line":76},"13":{"name":"(anonymous_13)","decl":{"start":{"line":76,"column":38},"end":{"line":76,"column":39}},"loc":{"start":{"line":76,"column":50},"end":{"line":78,"column":1}},"line":76},"14":{"name":"(anonymous_14)","decl":{"start":{"line":89,"column":28},"end":{"line":89,"column":29}},"loc":{"start":{"line":89,"column":42},"end":{"line":99,"column":1}},"line":89},"15":{"name":"(anonymous_15)","decl":{"start":{"line":89,"column":42},"end":{"line":89,"column":43}},"loc":{"start":{"line":89,"column":54},"end":{"line":99,"column":1}},"line":89},"16":{"name":"(anonymous_16)","decl":{"start":{"line":90,"column":37},"end":{"line":90,"column":38}},"loc":{"start":{"line":90,"column":52},"end":{"line":98,"column":5}},"line":90},"17":{"name":"(anonymous_17)","decl":{"start":{"line":108,"column":29},"end":{"line":108,"column":30}},"loc":{"start":{"line":108,"column":35},"end":{"line":116,"column":1}},"line":108},"18":{"name":"(anonymous_18)","decl":{"start":{"line":108,"column":35},"end":{"line":108,"column":36}},"loc":{"start":{"line":108,"column":45},"end":{"line":116,"column":1}},"line":108},"19":{"name":"(anonymous_19)","decl":{"start":{"line":108,"column":45},"end":{"line":108,"column":46}},"loc":{"start":{"line":108,"column":57},"end":{"line":116,"column":1}},"line":108},"20":{"name":"(anonymous_20)","decl":{"start":{"line":109,"column":28},"end":{"line":109,"column":29}},"loc":{"start":{"line":109,"column":51},"end":{"line":115,"column":5}},"line":109},"21":{"name":"(anonymous_21)","decl":{"start":{"line":113,"column":47},"end":{"line":113,"column":48}},"loc":{"start":{"line":113,"column":62},"end":{"line":113,"column":94}},"line":113},"22":{"name":"(anonymous_22)","decl":{"start":{"line":113,"column":101},"end":{"line":113,"column":102}},"loc":{"start":{"line":113,"column":113},"end":{"line":113,"column":139}},"line":113},"23":{"name":"(anonymous_23)","decl":{"start":{"line":118,"column":17},"end":{"line":118,"column":18}},"loc":{"start":{"line":118,"column":23},"end":{"line":126,"column":1}},"line":118}},"branchMap":{"0":{"loc":{"start":{"line":20,"column":8},"end":{"line":26,"column":9}},"type":"if","locations":[{"start":{"line":20,"column":8},"end":{"line":26,"column":9}},{"start":{"line":20,"column":8},"end":{"line":26,"column":9}}],"line":20},"1":{"loc":{"start":{"line":24,"column":34},"end":{"line":24,"column":81}},"type":"cond-expr","locations":[{"start":{"line":24,"column":62},"end":{"line":24,"column":64}},{"start":{"line":24,"column":67},"end":{"line":24,"column":81}}],"line":24},"2":{"loc":{"start":{"line":47,"column":8},"end":{"line":68,"column":9}},"type":"if","locations":[{"start":{"line":47,"column":8},"end":{"line":68,"column":9}},{"start":{"line":47,"column":8},"end":{"line":68,"column":9}}],"line":47},"3":{"loc":{"start":{"line":51,"column":34},"end":{"line":51,"column":81}},"type":"cond-expr","locations":[{"start":{"line":51,"column":62},"end":{"line":51,"column":64}},{"start":{"line":51,"column":67},"end":{"line":51,"column":81}}],"line":51},"4":{"loc":{"start":{"line":56,"column":31},"end":{"line":56,"column":131}},"type":"cond-expr","locations":[{"start":{"line":56,"column":67},"end":{"line":56,"column":76}},{"start":{"line":56,"column":79},"end":{"line":56,"column":131}}],"line":56},"5":{"loc":{"start":{"line":60,"column":12},"end":{"line":67,"column":13}},"type":"if","locations":[{"start":{"line":60,"column":12},"end":{"line":67,"column":13}},{"start":{"line":60,"column":12},"end":{"line":67,"column":13}}],"line":60},"6":{"loc":{"start":{"line":60,"column":16},"end":{"line":60,"column":113}},"type":"binary-expr","locations":[{"start":{"line":60,"column":16},"end":{"line":60,"column":40}},{"start":{"line":60,"column":44},"end":{"line":60,"column":79}},{"start":{"line":60,"column":83},"end":{"line":60,"column":113}}],"line":60},"7":{"loc":{"start":{"line":91,"column":8},"end":{"line":96,"column":9}},"type":"if","locations":[{"start":{"line":91,"column":8},"end":{"line":96,"column":9}},{"start":{"line":91,"column":8},"end":{"line":96,"column":9}}],"line":91},"8":{"loc":{"start":{"line":92,"column":26},"end":{"line":92,"column":63}},"type":"cond-expr","locations":[{"start":{"line":92,"column":47},"end":{"line":92,"column":53}},{"start":{"line":92,"column":56},"end":{"line":92,"column":63}}],"line":92},"9":{"loc":{"start":{"line":94,"column":28},"end":{"line":94,"column":86}},"type":"cond-expr","locations":[{"start":{"line":94,"column":52},"end":{"line":94,"column":54}},{"start":{"line":94,"column":57},"end":{"line":94,"column":86}}],"line":94},"10":{"loc":{"start":{"line":94,"column":57},"end":{"line":94,"column":86}},"type":"cond-expr","locations":[{"start":{"line":94,"column":81},"end":{"line":94,"column":82}},{"start":{"line":94,"column":85},"end":{"line":94,"column":86}}],"line":94},"11":{"loc":{"start":{"line":95,"column":19},"end":{"line":95,"column":84}},"type":"cond-expr","locations":[{"start":{"line":95,"column":37},"end":{"line":95,"column":44}},{"start":{"line":95,"column":47},"end":{"line":95,"column":84}}],"line":95},"12":{"loc":{"start":{"line":95,"column":47},"end":{"line":95,"column":84}},"type":"cond-expr","locations":[{"start":{"line":95,"column":66},"end":{"line":95,"column":74}},{"start":{"line":95,"column":77},"end":{"line":95,"column":84}}],"line":95},"13":{"loc":{"start":{"line":110,"column":8},"end":{"line":114,"column":9}},"type":"if","locations":[{"start":{"line":110,"column":8},"end":{"line":114,"column":9}},{"start":{"line":110,"column":8},"end":{"line":114,"column":9}}],"line":110},"14":{"loc":{"start":{"line":113,"column":113},"end":{"line":113,"column":139}},"type":"cond-expr","locations":[{"start":{"line":113,"column":133},"end":{"line":113,"column":134}},{"start":{"line":113,"column":137},"end":{"line":113,"column":139}}],"line":113}},"s":{"0":1,"1":1,"2":1,"3":9,"4":2,"5":2,"6":0,"7":2,"8":2,"9":2,"10":1,"11":12,"12":7,"13":7,"14":7,"15":2,"16":5,"17":5,"18":4,"19":5,"20":5,"21":0,"22":0,"23":0,"24":0,"25":1,"26":9,"27":0,"28":0,"29":1,"30":9,"31":0,"32":0,"33":1,"34":5,"35":0,"36":0,"37":0,"38":0,"39":0,"40":0,"41":0,"42":1,"43":9,"44":3,"45":3,"46":3,"47":1,"48":2,"49":2,"50":0,"51":1,"52":9},"f":{"0":9,"1":2,"2":2,"3":12,"4":7,"5":7,"6":7,"7":4,"8":9,"9":0,"10":0,"11":9,"12":0,"13":0,"14":5,"15":0,"16":0,"17":9,"18":3,"19":3,"20":3,"21":2,"22":0,"23":9},"b":{"0":[0,2],"1":[1,1],"2":[2,5],"3":[1,4],"4":[4,0],"5":[5,0],"6":[5,5,0],"7":[0,0],"8":[0,0],"9":[0,0],"10":[0,0],"11":[0,0],"12":[0,0],"13":[1,2],"14":[0,0]},"_coverageSchema":"43e27e138ebf9cfc5966b082cf9a028302ed4184","hash":"d89ae636e4041b6596c00db0a289af8baba833f0","contentHash":"7412684d142c6836d7b10ea496de2eac9fba9b7228efd2882b065010f257f35b"},"C:\\Users\\jonathan\\Desktop\\LOG4420-rep\\repository\\TP3\\src\\services\\mongo\\seminar.js":{"path":"C:\\Users\\jonathan\\Desktop\\LOG4420-rep\\repository\\TP3\\src\\services\\mongo\\seminar.js","statementMap":{"0":{"start":{"line":1,"column":15},"end":{"line":1,"column":32}},"1":{"start":{"line":4,"column":4},"end":{"line":4,"column":23}},"2":{"start":{"line":23,"column":20},"end":{"line":46,"column":1}},"3":{"start":{"line":23,"column":26},"end":{"line":46,"column":1}},"4":{"start":{"line":23,"column":35},"end":{"line":46,"column":1}},"5":{"start":{"line":23,"column":47},"end":{"line":46,"column":1}},"6":{"start":{"line":26,"column":2},"end":{"line":45,"column":5}},"7":{"start":{"line":27,"column":4},"end":{"line":27,"column":46}},"8":{"start":{"line":28,"column":4},"end":{"line":28,"column":31}},"9":{"start":{"line":28,"column":13},"end":{"line":28,"column":31}},"10":{"start":{"line":30,"column":21},"end":{"line":43,"column":6}},"11":{"start":{"line":31,"column":30},"end":{"line":31,"column":69}},"12":{"start":{"line":32,"column":36},"end":{"line":32,"column":81}},"13":{"start":{"line":33,"column":22},"end":{"line":33,"column":74}},"14":{"start":{"line":34,"column":31},"end":{"line":34,"column":88}},"15":{"start":{"line":35,"column":6},"end":{"line":42,"column":7}},"16":{"start":{"line":44,"column":4},"end":{"line":44,"column":29}},"17":{"start":{"line":48,"column":0},"end":{"line":52,"column":1}},"18":{"start":{"line":49,"column":2},"end":{"line":51,"column":3}}},"fnMap":{"0":{"name":"(anonymous_0)","decl":{"start":{"line":23,"column":20},"end":{"line":23,"column":21}},"loc":{"start":{"line":23,"column":26},"end":{"line":46,"column":1}},"line":23},"1":{"name":"(anonymous_1)","decl":{"start":{"line":23,"column":26},"end":{"line":23,"column":27}},"loc":{"start":{"line":23,"column":35},"end":{"line":46,"column":1}},"line":23},"2":{"name":"(anonymous_2)","decl":{"start":{"line":23,"column":35},"end":{"line":23,"column":36}},"loc":{"start":{"line":23,"column":47},"end":{"line":46,"column":1}},"line":23},"3":{"name":"(anonymous_3)","decl":{"start":{"line":23,"column":47},"end":{"line":23,"column":48}},"loc":{"start":{"line":23,"column":59},"end":{"line":46,"column":1}},"line":23},"4":{"name":"(anonymous_4)","decl":{"start":{"line":26,"column":45},"end":{"line":26,"column":46}},"loc":{"start":{"line":26,"column":68},"end":{"line":45,"column":3}},"line":26},"5":{"name":"(anonymous_5)","decl":{"start":{"line":30,"column":32},"end":{"line":30,"column":33}},"loc":{"start":{"line":30,"column":43},"end":{"line":43,"column":5}},"line":30},"6":{"name":"(anonymous_6)","decl":{"start":{"line":48,"column":17},"end":{"line":48,"column":18}},"loc":{"start":{"line":48,"column":23},"end":{"line":52,"column":1}},"line":48}},"branchMap":{"0":{"loc":{"start":{"line":28,"column":4},"end":{"line":28,"column":31}},"type":"if","locations":[{"start":{"line":28,"column":4},"end":{"line":28,"column":31}},{"start":{"line":28,"column":4},"end":{"line":28,"column":31}}],"line":28}},"s":{"0":1,"1":1,"2":1,"3":5,"4":5,"5":5,"6":5,"7":5,"8":5,"9":0,"10":5,"11":40,"12":40,"13":40,"14":40,"15":40,"16":5,"17":1,"18":5},"f":{"0":5,"1":5,"2":5,"3":5,"4":5,"5":40,"6":5},"b":{"0":[0,5]},"_coverageSchema":"43e27e138ebf9cfc5966b082cf9a028302ed4184","hash":"f0b4e8b789875be17968b92882ecb17922c31f72","contentHash":"4bcc3acad327206b2724d312d7317858be8324771800cff38e1eea1fa00e4d84"},"C:\\Users\\jonathan\\Desktop\\LOG4420-rep\\repository\\TP3\\src\\services\\yaml\\seminar.js":{"path":"C:\\Users\\jonathan\\Desktop\\LOG4420-rep\\repository\\TP3\\src\\services\\yaml\\seminar.js","statementMap":{"0":{"start":{"line":1,"column":13},"end":{"line":1,"column":31}},"1":{"start":{"line":2,"column":15},"end":{"line":2,"column":32}},"2":{"start":{"line":3,"column":27},"end":{"line":3,"column":46}},"3":{"start":{"line":22,"column":20},"end":{"line":49,"column":1}},"4":{"start":{"line":22,"column":26},"end":{"line":49,"column":1}},"5":{"start":{"line":22,"column":35},"end":{"line":49,"column":1}},"6":{"start":{"line":22,"column":47},"end":{"line":49,"column":1}},"7":{"start":{"line":23,"column":2},"end":{"line":48,"column":4}},"8":{"start":{"line":24,"column":4},"end":{"line":47,"column":5}},"9":{"start":{"line":25,"column":6},"end":{"line":25,"column":25}},"10":{"start":{"line":27,"column":29},"end":{"line":27,"column":51}},"11":{"start":{"line":28,"column":23},"end":{"line":42,"column":10}},"12":{"start":{"line":30,"column":34},"end":{"line":30,"column":67}},"13":{"start":{"line":31,"column":40},"end":{"line":31,"column":79}},"14":{"start":{"line":32,"column":26},"end":{"line":32,"column":72}},"15":{"start":{"line":33,"column":35},"end":{"line":33,"column":86}},"16":{"start":{"line":34,"column":10},"end":{"line":41,"column":11}},"17":{"start":{"line":44,"column":30},"end":{"line":44,"column":84}},"18":{"start":{"line":45,"column":34},"end":{"line":45,"column":86}},"19":{"start":{"line":45,"column":69},"end":{"line":45,"column":75}},"20":{"start":{"line":46,"column":6},"end":{"line":46,"column":41}},"21":{"start":{"line":60,"column":33},"end":{"line":66,"column":1}},"22":{"start":{"line":60,"column":42},"end":{"line":66,"column":1}},"23":{"start":{"line":61,"column":2},"end":{"line":65,"column":3}},"24":{"start":{"line":62,"column":4},"end":{"line":62,"column":52}},"25":{"start":{"line":62,"column":32},"end":{"line":62,"column":51}},"26":{"start":{"line":64,"column":4},"end":{"line":64,"column":19}},"27":{"start":{"line":77,"column":21},"end":{"line":87,"column":1}},"28":{"start":{"line":77,"column":30},"end":{"line":87,"column":1}},"29":{"start":{"line":78,"column":25},"end":{"line":81,"column":63}},"30":{"start":{"line":82,"column":2},"end":{"line":86,"column":3}},"31":{"start":{"line":83,"column":4},"end":{"line":83,"column":81}},"32":{"start":{"line":83,"column":37},"end":{"line":83,"column":80}},"33":{"start":{"line":85,"column":4},"end":{"line":85,"column":19}},"34":{"start":{"line":97,"column":16},"end":{"line":105,"column":1}},"35":{"start":{"line":97,"column":25},"end":{"line":105,"column":1}},"36":{"start":{"line":97,"column":31},"end":{"line":105,"column":1}},"37":{"start":{"line":98,"column":2},"end":{"line":104,"column":3}},"38":{"start":{"line":99,"column":4},"end":{"line":99,"column":43}},"39":{"start":{"line":100,"column":9},"end":{"line":104,"column":3}},"40":{"start":{"line":101,"column":4},"end":{"line":101,"column":43}},"41":{"start":{"line":103,"column":4},"end":{"line":103,"column":12}},"42":{"start":{"line":107,"column":0},"end":{"line":111,"column":1}},"43":{"start":{"line":108,"column":2},"end":{"line":110,"column":3}}},"fnMap":{"0":{"name":"(anonymous_0)","decl":{"start":{"line":22,"column":20},"end":{"line":22,"column":21}},"loc":{"start":{"line":22,"column":26},"end":{"line":49,"column":1}},"line":22},"1":{"name":"(anonymous_1)","decl":{"start":{"line":22,"column":26},"end":{"line":22,"column":27}},"loc":{"start":{"line":22,"column":35},"end":{"line":49,"column":1}},"line":22},"2":{"name":"(anonymous_2)","decl":{"start":{"line":22,"column":35},"end":{"line":22,"column":36}},"loc":{"start":{"line":22,"column":47},"end":{"line":49,"column":1}},"line":22},"3":{"name":"(anonymous_3)","decl":{"start":{"line":22,"column":47},"end":{"line":22,"column":48}},"loc":{"start":{"line":22,"column":59},"end":{"line":49,"column":1}},"line":22},"4":{"name":"(anonymous_4)","decl":{"start":{"line":23,"column":45},"end":{"line":23,"column":46}},"loc":{"start":{"line":23,"column":63},"end":{"line":48,"column":3}},"line":23},"5":{"name":"(anonymous_5)","decl":{"start":{"line":29,"column":13},"end":{"line":29,"column":14}},"loc":{"start":{"line":29,"column":18},"end":{"line":42,"column":9}},"line":29},"6":{"name":"(anonymous_6)","decl":{"start":{"line":45,"column":57},"end":{"line":45,"column":58}},"loc":{"start":{"line":45,"column":69},"end":{"line":45,"column":75}},"line":45},"7":{"name":"(anonymous_7)","decl":{"start":{"line":60,"column":33},"end":{"line":60,"column":34}},"loc":{"start":{"line":60,"column":42},"end":{"line":66,"column":1}},"line":60},"8":{"name":"(anonymous_8)","decl":{"start":{"line":60,"column":42},"end":{"line":60,"column":43}},"loc":{"start":{"line":60,"column":54},"end":{"line":66,"column":1}},"line":60},"9":{"name":"(anonymous_9)","decl":{"start":{"line":62,"column":27},"end":{"line":62,"column":28}},"loc":{"start":{"line":62,"column":32},"end":{"line":62,"column":51}},"line":62},"10":{"name":"(anonymous_10)","decl":{"start":{"line":77,"column":21},"end":{"line":77,"column":22}},"loc":{"start":{"line":77,"column":30},"end":{"line":87,"column":1}},"line":77},"11":{"name":"(anonymous_11)","decl":{"start":{"line":77,"column":30},"end":{"line":77,"column":31}},"loc":{"start":{"line":77,"column":42},"end":{"line":87,"column":1}},"line":77},"12":{"name":"(anonymous_12)","decl":{"start":{"line":83,"column":25},"end":{"line":83,"column":26}},"loc":{"start":{"line":83,"column":37},"end":{"line":83,"column":80}},"line":83},"13":{"name":"(anonymous_13)","decl":{"start":{"line":97,"column":16},"end":{"line":97,"column":17}},"loc":{"start":{"line":97,"column":25},"end":{"line":105,"column":1}},"line":97},"14":{"name":"(anonymous_14)","decl":{"start":{"line":97,"column":25},"end":{"line":97,"column":26}},"loc":{"start":{"line":97,"column":31},"end":{"line":105,"column":1}},"line":97},"15":{"name":"(anonymous_15)","decl":{"start":{"line":97,"column":31},"end":{"line":97,"column":32}},"loc":{"start":{"line":97,"column":37},"end":{"line":105,"column":1}},"line":97},"16":{"name":"(anonymous_16)","decl":{"start":{"line":107,"column":17},"end":{"line":107,"column":18}},"loc":{"start":{"line":107,"column":23},"end":{"line":111,"column":1}},"line":107}},"branchMap":{"0":{"loc":{"start":{"line":24,"column":4},"end":{"line":47,"column":5}},"type":"if","locations":[{"start":{"line":24,"column":4},"end":{"line":47,"column":5}},{"start":{"line":24,"column":4},"end":{"line":47,"column":5}}],"line":24},"1":{"loc":{"start":{"line":28,"column":24},"end":{"line":28,"column":71}},"type":"cond-expr","locations":[{"start":{"line":28,"column":52},"end":{"line":28,"column":54}},{"start":{"line":28,"column":57},"end":{"line":28,"column":71}}],"line":28},"2":{"loc":{"start":{"line":61,"column":2},"end":{"line":65,"column":3}},"type":"if","locations":[{"start":{"line":61,"column":2},"end":{"line":65,"column":3}},{"start":{"line":61,"column":2},"end":{"line":65,"column":3}}],"line":61},"3":{"loc":{"start":{"line":61,"column":6},"end":{"line":61,"column":53}},"type":"binary-expr","locations":[{"start":{"line":61,"column":6},"end":{"line":61,"column":25}},{"start":{"line":61,"column":29},"end":{"line":61,"column":53}}],"line":61},"4":{"loc":{"start":{"line":78,"column":25},"end":{"line":81,"column":63}},"type":"binary-expr","locations":[{"start":{"line":78,"column":25},"end":{"line":78,"column":44}},{"start":{"line":79,"column":4},"end":{"line":79,"column":28}},{"start":{"line":80,"column":4},"end":{"line":80,"column":34}},{"start":{"line":81,"column":5},"end":{"line":81,"column":31}},{"start":{"line":81,"column":35},"end":{"line":81,"column":62}}],"line":78},"5":{"loc":{"start":{"line":82,"column":2},"end":{"line":86,"column":3}},"type":"if","locations":[{"start":{"line":82,"column":2},"end":{"line":86,"column":3}},{"start":{"line":82,"column":2},"end":{"line":86,"column":3}}],"line":82},"6":{"loc":{"start":{"line":98,"column":2},"end":{"line":104,"column":3}},"type":"if","locations":[{"start":{"line":98,"column":2},"end":{"line":104,"column":3}},{"start":{"line":98,"column":2},"end":{"line":104,"column":3}}],"line":98},"7":{"loc":{"start":{"line":99,"column":11},"end":{"line":99,"column":43}},"type":"cond-expr","locations":[{"start":{"line":99,"column":23},"end":{"line":99,"column":25}},{"start":{"line":99,"column":28},"end":{"line":99,"column":43}}],"line":99},"8":{"loc":{"start":{"line":99,"column":28},"end":{"line":99,"column":43}},"type":"cond-expr","locations":[{"start":{"line":99,"column":38},"end":{"line":99,"column":39}},{"start":{"line":99,"column":42},"end":{"line":99,"column":43}}],"line":99},"9":{"loc":{"start":{"line":100,"column":9},"end":{"line":104,"column":3}},"type":"if","locations":[{"start":{"line":100,"column":9},"end":{"line":104,"column":3}},{"start":{"line":100,"column":9},"end":{"line":104,"column":3}}],"line":100},"10":{"loc":{"start":{"line":101,"column":11},"end":{"line":101,"column":43}},"type":"cond-expr","locations":[{"start":{"line":101,"column":23},"end":{"line":101,"column":24}},{"start":{"line":101,"column":27},"end":{"line":101,"column":43}}],"line":101},"11":{"loc":{"start":{"line":101,"column":27},"end":{"line":101,"column":43}},"type":"cond-expr","locations":[{"start":{"line":101,"column":37},"end":{"line":101,"column":39}},{"start":{"line":101,"column":42},"end":{"line":101,"column":43}}],"line":101}},"s":{"0":1,"1":1,"2":1,"3":1,"4":6,"5":6,"6":6,"7":6,"8":6,"9":1,"10":5,"11":5,"12":6,"13":6,"14":6,"15":6,"16":6,"17":5,"18":5,"19":10,"20":5,"21":1,"22":5,"23":5,"24":1,"25":1,"26":4,"27":1,"28":5,"29":5,"30":5,"31":2,"32":2,"33":3,"34":1,"35":2,"36":2,"37":2,"38":1,"39":1,"40":1,"41":0,"42":1,"43":6},"f":{"0":6,"1":6,"2":6,"3":6,"4":6,"5":6,"6":10,"7":5,"8":5,"9":1,"10":5,"11":5,"12":2,"13":2,"14":2,"15":2,"16":6},"b":{"0":[1,5],"1":[1,4],"2":[1,4],"3":[5,5],"4":[5,5,2,2,1],"5":[2,3],"6":[1,1],"7":[0,1],"8":[1,0],"9":[1,0],"10":[1,0],"11":[0,0]},"_coverageSchema":"43e27e138ebf9cfc5966b082cf9a028302ed4184","hash":"6723f19418f7af1abe8ba33746e72b2746aff5f8","contentHash":"2819142ddd21b9361200ed1907c5b1196c50e5d91fce4eb1fd534b06103f6711"},"C:\\Users\\jonathan\\Desktop\\LOG4420-rep\\repository\\TP3\\src\\services\\mongo\\team.js":{"path":"C:\\Users\\jonathan\\Desktop\\LOG4420-rep\\repository\\TP3\\src\\services\\mongo\\team.js","statementMap":{"0":{"start":{"line":8,"column":15},"end":{"line":8,"column":45}},"1":{"start":{"line":9,"column":20},"end":{"line":9,"column":50}},"2":{"start":{"line":10,"column":15},"end":{"line":12,"column":2}},"3":{"start":{"line":14,"column":23},"end":{"line":24,"column":1}},"4":{"start":{"line":14,"column":29},"end":{"line":24,"column":1}},"5":{"start":{"line":18,"column":2},"end":{"line":23,"column":5}},"6":{"start":{"line":19,"column":4},"end":{"line":19,"column":50}},"7":{"start":{"line":20,"column":4},"end":{"line":20,"column":31}},"8":{"start":{"line":20,"column":13},"end":{"line":20,"column":31}},"9":{"start":{"line":22,"column":4},"end":{"line":22,"column":27}},"10":{"start":{"line":26,"column":0},"end":{"line":30,"column":1}},"11":{"start":{"line":27,"column":2},"end":{"line":29,"column":3}}},"fnMap":{"0":{"name":"(anonymous_0)","decl":{"start":{"line":14,"column":23},"end":{"line":14,"column":24}},"loc":{"start":{"line":14,"column":29},"end":{"line":24,"column":1}},"line":14},"1":{"name":"(anonymous_1)","decl":{"start":{"line":14,"column":29},"end":{"line":14,"column":30}},"loc":{"start":{"line":14,"column":41},"end":{"line":24,"column":1}},"line":14},"2":{"name":"(anonymous_2)","decl":{"start":{"line":18,"column":44},"end":{"line":18,"column":45}},"loc":{"start":{"line":18,"column":66},"end":{"line":23,"column":3}},"line":18},"3":{"name":"(anonymous_3)","decl":{"start":{"line":26,"column":17},"end":{"line":26,"column":18}},"loc":{"start":{"line":26,"column":23},"end":{"line":30,"column":1}},"line":26}},"branchMap":{"0":{"loc":{"start":{"line":20,"column":4},"end":{"line":20,"column":31}},"type":"if","locations":[{"start":{"line":20,"column":4},"end":{"line":20,"column":31}},{"start":{"line":20,"column":4},"end":{"line":20,"column":31}}],"line":20}},"s":{"0":1,"1":1,"2":1,"3":1,"4":1,"5":1,"6":1,"7":1,"8":0,"9":1,"10":1,"11":1},"f":{"0":1,"1":1,"2":1,"3":1},"b":{"0":[0,1]},"_coverageSchema":"43e27e138ebf9cfc5966b082cf9a028302ed4184","hash":"d86b32021dbc8fe199e6008946eb956ef9754c91","contentHash":"06d2e53d910672eca018c7fbb380e9ffc9ff9b99774503839d2218de053d13d9"},"C:\\Users\\jonathan\\Desktop\\LOG4420-rep\\repository\\TP3\\src\\services\\yaml\\team.js":{"path":"C:\\Users\\jonathan\\Desktop\\LOG4420-rep\\repository\\TP3\\src\\services\\yaml\\team.js","statementMap":{"0":{"start":{"line":1,"column":13},"end":{"line":1,"column":31}},"1":{"start":{"line":11,"column":23},"end":{"line":28,"column":1}},"2":{"start":{"line":11,"column":29},"end":{"line":28,"column":1}},"3":{"start":{"line":12,"column":2},"end":{"line":27,"column":4}},"4":{"start":{"line":13,"column":4},"end":{"line":26,"column":5}},"5":{"start":{"line":14,"column":6},"end":{"line":14,"column":25}},"6":{"start":{"line":16,"column":29},"end":{"line":16,"column":51}},"7":{"start":{"line":17,"column":19},"end":{"line":24,"column":10}},"8":{"start":{"line":19,"column":10},"end":{"line":23,"column":11}},"9":{"start":{"line":20,"column":12},"end":{"line":20,"column":93}},"10":{"start":{"line":22,"column":12},"end":{"line":22,"column":55}},"11":{"start":{"line":25,"column":6},"end":{"line":25,"column":26}},"12":{"start":{"line":30,"column":0},"end":{"line":34,"column":1}},"13":{"start":{"line":31,"column":2},"end":{"line":33,"column":3}}},"fnMap":{"0":{"name":"(anonymous_0)","decl":{"start":{"line":11,"column":23},"end":{"line":11,"column":24}},"loc":{"start":{"line":11,"column":29},"end":{"line":28,"column":1}},"line":11},"1":{"name":"(anonymous_1)","decl":{"start":{"line":11,"column":29},"end":{"line":11,"column":30}},"loc":{"start":{"line":11,"column":41},"end":{"line":28,"column":1}},"line":11},"2":{"name":"(anonymous_2)","decl":{"start":{"line":12,"column":41},"end":{"line":12,"column":42}},"loc":{"start":{"line":12,"column":59},"end":{"line":27,"column":3}},"line":12},"3":{"name":"(anonymous_3)","decl":{"start":{"line":18,"column":14},"end":{"line":18,"column":15}},"loc":{"start":{"line":18,"column":26},"end":{"line":24,"column":9}},"line":18},"4":{"name":"(anonymous_4)","decl":{"start":{"line":30,"column":17},"end":{"line":30,"column":18}},"loc":{"start":{"line":30,"column":23},"end":{"line":34,"column":1}},"line":30}},"branchMap":{"0":{"loc":{"start":{"line":13,"column":4},"end":{"line":26,"column":5}},"type":"if","locations":[{"start":{"line":13,"column":4},"end":{"line":26,"column":5}},{"start":{"line":13,"column":4},"end":{"line":26,"column":5}}],"line":13},"1":{"loc":{"start":{"line":17,"column":20},"end":{"line":17,"column":67}},"type":"cond-expr","locations":[{"start":{"line":17,"column":48},"end":{"line":17,"column":50}},{"start":{"line":17,"column":53},"end":{"line":17,"column":67}}],"line":17},"2":{"loc":{"start":{"line":19,"column":10},"end":{"line":23,"column":11}},"type":"if","locations":[{"start":{"line":19,"column":10},"end":{"line":23,"column":11}},{"start":{"line":19,"column":10},"end":{"line":23,"column":11}}],"line":19},"3":{"loc":{"start":{"line":20,"column":19},"end":{"line":20,"column":93}},"type":"cond-expr","locations":[{"start":{"line":20,"column":51},"end":{"line":20,"column":53}},{"start":{"line":20,"column":56},"end":{"line":20,"column":93}}],"line":20},"4":{"loc":{"start":{"line":20,"column":56},"end":{"line":20,"column":93}},"type":"cond-expr","locations":[{"start":{"line":20,"column":88},"end":{"line":20,"column":89}},{"start":{"line":20,"column":92},"end":{"line":20,"column":93}}],"line":20},"5":{"loc":{"start":{"line":22,"column":19},"end":{"line":22,"column":55}},"type":"cond-expr","locations":[{"start":{"line":22,"column":49},"end":{"line":22,"column":51}},{"start":{"line":22,"column":54},"end":{"line":22,"column":55}}],"line":22}},"s":{"0":1,"1":1,"2":5,"3":5,"4":5,"5":1,"6":4,"7":4,"8":10,"9":6,"10":4,"11":4,"12":1,"13":5},"f":{"0":5,"1":5,"2":5,"3":10,"4":5},"b":{"0":[1,4],"1":[1,3],"2":[6,4],"3":[1,5],"4":[3,2],"5":[2,2]},"_coverageSchema":"43e27e138ebf9cfc5966b082cf9a028302ed4184","hash":"9daf859e25571e254bfd63e50729b5c2e655c681","contentHash":"46b66c86ee7692dfab8ad3bf0cf81028f135a01cd1aa7393fdc17b1992e3e632"},"C:\\Users\\jonathan\\Desktop\\LOG4420-rep\\repository\\TP3\\src\\routes\\rest\\feed.js":{"path":"C:\\Users\\jonathan\\Desktop\\LOG4420-rep\\repository\\TP3\\src\\routes\\rest\\feed.js","statementMap":{"0":{"start":{"line":1,"column":16},"end":{"line":1,"column":34}},"1":{"start":{"line":3,"column":0},"end":{"line":28,"column":1}},"2":{"start":{"line":4,"column":19},"end":{"line":4,"column":35}},"3":{"start":{"line":7,"column":4},"end":{"line":25,"column":7}},"4":{"start":{"line":8,"column":25},"end":{"line":8,"column":44}},"5":{"start":{"line":9,"column":21},"end":{"line":9,"column":31}},"6":{"start":{"line":10,"column":8},"end":{"line":24,"column":11}},"7":{"start":{"line":11,"column":12},"end":{"line":23,"column":13}},"8":{"start":{"line":12,"column":16},"end":{"line":20,"column":17}},"9":{"start":{"line":13,"column":20},"end":{"line":15,"column":23}},"10":{"start":{"line":17,"column":20},"end":{"line":19,"column":23}},"11":{"start":{"line":22,"column":16},"end":{"line":22,"column":43}},"12":{"start":{"line":27,"column":4},"end":{"line":27,"column":17}}},"fnMap":{"0":{"name":"(anonymous_0)","decl":{"start":{"line":3,"column":17},"end":{"line":3,"column":18}},"loc":{"start":{"line":3,"column":32},"end":{"line":28,"column":1}},"line":3},"1":{"name":"(anonymous_1)","decl":{"start":{"line":7,"column":20},"end":{"line":7,"column":21}},"loc":{"start":{"line":7,"column":40},"end":{"line":25,"column":5}},"line":7},"2":{"name":"(anonymous_2)","decl":{"start":{"line":10,"column":45},"end":{"line":10,"column":46}},"loc":{"start":{"line":10,"column":60},"end":{"line":24,"column":9}},"line":10}},"branchMap":{"0":{"loc":{"start":{"line":11,"column":12},"end":{"line":23,"column":13}},"type":"if","locations":[{"start":{"line":11,"column":12},"end":{"line":23,"column":13}},{"start":{"line":11,"column":12},"end":{"line":23,"column":13}}],"line":11},"1":{"loc":{"start":{"line":12,"column":16},"end":{"line":20,"column":17}},"type":"if","locations":[{"start":{"line":12,"column":16},"end":{"line":20,"column":17}},{"start":{"line":12,"column":16},"end":{"line":20,"column":17}}],"line":12},"2":{"loc":{"start":{"line":12,"column":20},"end":{"line":12,"column":153}},"type":"binary-expr","locations":[{"start":{"line":12,"column":20},"end":{"line":12,"column":50}},{"start":{"line":12,"column":54},"end":{"line":12,"column":94}},{"start":{"line":12,"column":98},"end":{"line":12,"column":153}}],"line":12}},"s":{"0":1,"1":1,"2":3,"3":3,"4":3,"5":3,"6":3,"7":3,"8":2,"9":1,"10":1,"11":1,"12":3},"f":{"0":3,"1":3,"2":3},"b":{"0":[2,1],"1":[1,1],"2":[2,1,1]},"_coverageSchema":"43e27e138ebf9cfc5966b082cf9a028302ed4184","hash":"2b4673ef04083ca35948fd8fb44453500ec31fc5","contentHash":"c937e450ca4e644667916bf1fd27afea44f6c37faed440ba347447be9ccf4419"},"C:\\Users\\jonathan\\Desktop\\LOG4420-rep\\repository\\TP3\\src\\routes\\rest\\projects.js":{"path":"C:\\Users\\jonathan\\Desktop\\LOG4420-rep\\repository\\TP3\\src\\routes\\rest\\projects.js","statementMap":{"0":{"start":{"line":1,"column":16}
[...]
,"2":{"start":{"line":4,"column":0},"end":{"line":67,"column":1}},"3":{"start":{"line":5,"column":19},"end":{"line":5,"column":35}},"4":{"start":{"line":8,"column":4},"end":{"line":25,"column":7}},"5":{"start":{"line":9,"column":23},"end":{"line":9,"column":42}},"6":{"start":{"line":10,"column":8},"end":{"line":24,"column":10}},"7":{"start":{"line":11,"column":12},"end":{"line":23,"column":13}},"8":{"start":{"line":12,"column":16},"end":{"line":20,"column":17}},"9":{"start":{"line":13,"column":20},"end":{"line":15,"column":23}},"10":{"start":{"line":17,"column":20},"end":{"line":19,"column":23}},"11":{"start":{"line":22,"column":16},"end":{"line":22,"column":47}},"12":{"start":{"line":27,"column":4},"end":{"line":64,"column":7}},"13":{"start":{"line":28,"column":25},"end":{"line":28,"column":44}},"14":{"start":{"line":29,"column":19},"end":{"line":29,"column":32}},"15":{"start":{"line":30,"column":31},"end":{"line":30,"column":47}},"16":{"start":{"line":32,"column":8},"end":{"line":63,"column":10}},"17":{"start":{"line":33,"column":12},"end":{"line":62,"column":13}},"18":{"start":{"line":35,"column":16},"end":{"line":55,"column":17}},"19":{"start":{"line":36,"column":20},"end":{"line":44,"column":21}},"20":{"start":{"line":37,"column":24},"end":{"line":39,"column":27}},"21":{"start":{"line":41,"column":24},"end":{"line":43,"column":27}},"22":{"start":{"line":46,"column":20},"end":{"line":54,"column":21}},"23":{"start":{"line":47,"column":24},"end":{"line":49,"column":27}},"24":{"start":{"line":51,"column":24},"end":{"line":53,"column":27}},"25":{"start":{"line":57,"column":16},"end":{"line":57,"column":74}},"26":{"start":{"line":58,"column":16},"end":{"line":61,"column":19}},"27":{"start":{"line":66,"column":4},"end":{"line":66,"column":17}}},"fnMap":{"0":{"name":"(anonymous_0)","decl":{"start":{"line":4,"column":17},"end":{"line":4,"column":18}},"loc":{"start":{"line":4,"column":58},"end":{"line":67,"column":1}},"line":4},"1":{"name":"(anonymous_1)","decl":{"start":{"line":8,"column":20},"end":{"line":8,"column":21}},"loc":{"start":{"line":8,"column":40},"end":{"line":25,"column":5}},"line":8},"2":{"name":"(anonymous_2)","decl":{"start":{"line":10,"column":46},"end":{"line":10,"column":47}},"loc":{"start":{"line":10,"column":65},"end":{"line":24,"column":9}},"line":10},"3":{"name":"(anonymous_3)","decl":{"start":{"line":27,"column":23},"end":{"line":27,"column":24}},"loc":{"start":{"line":27,"column":43},"end":{"line":64,"column":5}},"line":27},"4":{"name":"(anonymous_4)","decl":{"start":{"line":32,"column":69},"end":{"line":32,"column":70}},"loc":{"start":{"line":32,"column":88},"end":{"line":63,"column":9}},"line":32}},"branchMap":{"0":{"loc":{"start":{"line":11,"column":12},"end":{"line":23,"column":13}},"type":"if","locations":[{"start":{"line":11,"column":12},"end":{"line":23,"column":13}},{"start":{"line":11,"column":12},"end":{"line":23,"column":13}}],"line":11},"1":{"loc":{"start":{"line":12,"column":16},"end":{"line":20,"column":17}},"type":"if","locations":[{"start":{"line":12,"column":16},"end":{"line":20,"column":17}},{"start":{"line":12,"column":16},"end":{"line":20,"column":17}}],"line":12},"2":{"loc":{"start":{"line":12,"column":20},"end":{"line":12,"column":156}},"type":"binary-expr","locations":[{"start":{"line":12,"column":20},"end":{"line":12,"column":50}},{"start":{"line":12,"column":54},"end":{"line":12,"column":94}},{"start":{"line":12,"column":98},"end":{"line":12,"column":156}}],"line":12},"3":{"loc":{"start":{"line":33,"column":12},"end":{"line":62,"column":13}},"type":"if","locations":[{"start":{"line":33,"column":12},"end":{"line":62,"column":13}},{"start":{"line":33,"column":12},"end":{"line":62,"column":13}}],"line":33},"4":{"loc":{"start":{"line":35,"column":16},"end":{"line":55,"column":17}},"type":"if","locations":[{"start":{"line":35,"column":16},"end":{"line":55,"column":17}},{"start":{"line":35,"column":16},"end":{"line":55,"column":17}}],"line":35},"5":{"loc":{"start":{"line":36,"column":20},"end":{"line":44,"column":21}},"type":"if","locations":[{"start":{"line":36,"column":20},"end":{"line":44,"column":21}},{"start":{"line":36,"column":20},"end":{"line":44,"column":21}}],"line":36},"6":{"loc":{"start":{"line":36,"column":24},"end":{"line":36,"column":163}},"type":"binary-expr","locations":[{"start":{"line":36,"column":24},"end":{"line":36,"column":54}},{"start":{"line":36,"column":58},"end":{"line":36,"column":98}},{"start":{"line":36,"column":102},"end":{"line":36,"column":163}}],"line":36},"7":{"loc":{"start":{"line":46,"column":20},"end":{"line":54,"column":21}},"type":"if","locations":[{"start":{"line":46,"column":20},"end":{"line":54,"column":21}},{"start":{"line":46,"column":20},"end":{"line":54,"column":21}}],"line":46},"8":{"loc":{"start":{"line":46,"column":24},"end":{"line":46,"column":159}},"type":"binary-expr","locations":[{"start":{"line":46,"column":24},"end":{"line":46,"column":54}},{"start":{"line":46,"column":58},"end":{"line":46,"column":98}},{"start":{"line":46,"column":102},"end":{"line":46,"column":159}}],"line":46}},"s":{"0":1,"1":1,"2":1,"3":7,"4":7,"5":3,"6":3,"7":3,"8":2,"9":1,"10":1,"11":1,"12":7,"13":4,"14":4,"15":4,"16":4,"17":4,"18":3,"19":1,"20":0,"21":1,"22":2,"23":1,"24":1,"25":1,"26":1,"27":7},"f":{"0":7,"1":3,"2":3,"3":4,"4":4},"b":{"0":[2,1],"1":[1,1],"2":[2,1,1],"3":[3,1],"4":[1,2],"5":[0,1],"6":[1,1,1],"7":[1,1],"8":[2,2,1]},"_coverageSchema":"43e27e138ebf9cfc5966b082cf9a028302ed4184","hash":"26a9a3586bb080d0b44e37567ab5def1ff9933ba","contentHash":"a33a07cbb46abd13186618a00e208987ef9cb4fba083ef5d333943d43044a9bc"},"C:\\Users\\jonathan\\Desktop\\LOG4420-rep\\repository\\TP3\\src\\routes\\rest\\publications.js":{"path":"C:\\Users\\jonathan\\Desktop\\LOG4420-rep\\repository\\TP3\\src\\routes\\rest\\publications.js","statementMap":{"0":{"start":{"line":1,"column":16},"end":{"line":1,"column":34}},"1":{"start":{"line":2,"column":14},"end":{"line":2,"column":30}},"2":{"start":{"line":4,"column":0},"end":{"line":160,"column":1}},"3":{"start":{"line":5,"column":19},"end":{"line":5,"column":35}},"4":{"start":{"line":8,"column":4},"end":{"line":46,"column":7}},"5":{"start":{"line":12,"column":22},"end":{"line":12,"column":60}},"6":{"start":{"line":13,"column":21},"end":{"line":13,"column":56}},"7":{"start":{"line":14,"column":24},"end":{"line":14,"column":70}},"8":{"start":{"line":15,"column":25},"end":{"line":15,"column":73}},"9":{"start":{"line":17,"column":27},"end":{"line":26,"column":9}},"10":{"start":{"line":28,"column":8},"end":{"line":45,"column":10}},"11":{"start":{"line":29,"column":12},"end":{"line":44,"column":13}},"12":{"start":{"line":30,"column":16},"end":{"line":38,"column":17}},"13":{"start":{"line":31,"column":20},"end":{"line":33,"column":23}},"14":{"start":{"line":35,"column":20},"end":{"line":37,"column":23}},"15":{"start":{"line":40,"column":16},"end":{"line":43,"column":19}},"16":{"start":{"line":48,"column":4},"end":{"line":127,"column":7}},"17":{"start":{"line":49,"column":8},"end":{"line":49,"column":34}},"18":{"start":{"line":50,"column":8},"end":{"line":50,"column":73}},"19":{"start":{"line":52,"column":31},"end":{"line":52,"column":32}},"20":{"start":{"line":53,"column":26},"end":{"line":53,"column":27}},"21":{"start":{"line":54,"column":26},"end":{"line":54,"column":28}},"22":{"start":{"line":55,"column":31},"end":{"line":55,"column":32}},"23":{"start":{"line":56,"column":23},"end":{"line":56,"column":25}},"24":{"start":{"line":58,"column":26},"end":{"line":64,"column":9}},"25":{"start":{"line":59,"column":12},"end":{"line":63,"column":13}},"26":{"start":{"line":60,"column":16},"end":{"line":60,"column":40}},"27":{"start":{"line":62,"column":16},"end":{"line":62,"column":66}},"28":{"start":{"line":67,"column":8},"end":{"line":67,"column":83}},"29":{"start":{"line":68,"column":8},"end":{"line":70,"column":9}},"30":{"start":{"line":69,"column":12},"end":{"line":69,"column":41}},"31":{"start":{"line":73,"column":8},"end":{"line":75,"column":9}},"32":{"start":{"line":74,"column":12},"end":{"line":74,"column":43}},"33":{"start":{"line":78,"column":8},"end":{"line":78,"column":70}},"34":{"start":{"line":79,"column":8},"end":{"line":81,"column":9}},"35":{"start":{"line":80,"column":12},"end":{"line":80,"column":43}},"36":{"start":{"line":84,"column":8},"end":{"line":86,"column":9}},"37":{"start":{"line":85,"column":12},"end":{"line":85,"column":42}},"38":{"start":{"line":89,"column":8},"end":{"line":91,"column":9}},"39":{"start":{"line":90,"column":12},"end":{"line":90,"column":50}},"40":{"start":{"line":93,"column":8},"end":{"line":95,"column":9}},"41":{"start":{"line":94,"column":12},"end":{"line":94,"column":52}},"42":{"start":{"line":97,"column":8},"end":{"line":126,"column":9}},"43":{"start":{"line":98,"column":12},"end":{"line":100,"column":15}},"44":{"start":{"line":103,"column":36},"end":{"line":109,"column":13}},"45":{"start":{"line":110,"column":12},"end":{"line":110,"column":89}},"46":{"start":{"line":111,"column":12},"end":{"line":125,"column":14}},"47":{"start":{"line":112,"column":16},"end":{"line":124,"column":17}},"48":{"start":{"line":113,"column":20},"end":{"line":121,"column":21}},"49":{"start":{"line":114,"column":24},"end":{"line":116,"column":27}},"50":{"start":{"line":118,"column":24},"end":{"line":120,"column":27}},"51":{"start":{"line":123,"column":20},"end":{"line":123,"column":64}},"52":{"start":{"line":129,"column":4},"end":{"line":157,"column":7}},"53":{"start":{"line":130,"column":8},"end":{"line":156,"column":11}},"54":{"start":{"line":131,"column":12},"end":{"line":155,"column":13}},"55":{"start":{"line":132,"column":16},"end":{"line":152,"column":17}},"56":{"start":{"line":133,"column":20},"end":{"line":141,"column":21}},"57":{"start":{"line":134,"column":24},"end":{"line":136,"column":27}},"58":{"start":{"line":138,"column":24},"end":{"line":140,"column":27}},"59":{"start":{"line":143,"column":20},"end":{"line":151,"column":21}},"60":{"start":{"line":144,"column":24},"end":{"line":146,"column":27}},"61":{"start":{"line":148,"column":24},"end":{"line":150,"column":27}},"62":{"start":{"line":154,"column":16},"end":{"line":154,"column":89}},"63":{"start":{"line":159,"column":4},"end":{"line":159,"column":17}}},"fnMap":{"0":{"name":"(anonymous_0)","decl":{"start":{"line":4,"column":17},"end":{"line":4,"column":18}},"loc":{"start":{"line":4,"column":39},"end":{"line":160,"column":1}},"line":4},"1":{"name":"(anonymous_1)","decl":{"start":{"line":8,"column":20},"end":{"line":8,"column":21}},"loc":{"start":{"line":8,"column":40},"end":{"line":46,"column":5}},"line":8},"2":{"name":"(anonymous_2)","decl":{"start":{"line":28,"column":55},"end":{"line":28,"column":56}},"loc":{"start":{"line":28,"column":78},"end":{"line":45,"column":9}},"line":28},"3":{"name":"(anonymous_3)","decl":{"start":{"line":48,"column":21},"end":{"line":48,"column":22}},"loc":{"start":{"line":48,"column":41},"end":{"line":127,"column":5}},"line":48},"4":{"name":"(anonymous_4)","decl":{"start":{"line":58,"column":26},"end":{"line":58,"column":27}},"loc":{"start":{"line":58,"column":41},"end":{"line":64,"column":9}},"line":58},"5":{"name":"(anonymous_5)","decl":{"start":{"line":111,"column":66},"end":{"line":111,"column":67}},"loc":{"start":{"line":111,"column":75},"end":{"line":125,"column":13}},"line":111},"6":{"name":"(anonymous_6)","decl":{"start":{"line":129,"column":26},"end":{"line":129,"column":27}},"loc":{"start":{"line":129,"column":46},"end":{"line":157,"column":5}},"line":129},"7":{"name":"(anonymous_7)","decl":{"start":{"line":130,"column":60},"end":{"line":130,"column":61}},"loc":{"start":{"line":130,"column":69},"end":{"line":156,"column":9}},"line":130}},"branchMap":{"0":{"loc":{"start":{"line":12,"column":22},"end":{"line":12,"column":60}},"type":"cond-expr","locations":[{"start":{"line":12,"column":40},"end":{"line":12,"column":55}},{"start":{"line":12,"column":58},"end":{"line":12,"column":60}}],"line":12},"1":{"loc":{"start":{"line":13,"column":21},"end":{"line":13,"column":56}},"type":"cond-expr","locations":[{"start":{"line":13,"column":38},"end":{"line":13,"column":52}},{"start":{"line":13,"column":55},"end":{"line":13,"column":56}}],"line":13},"2":{"loc":{"start":{"line":14,"column":24},"end":{"line":14,"column":70}},"type":"cond-expr","locations":[{"start":{"line":14,"column":44},"end":{"line":14,"column":61}},{"start":{"line":14,"column":64},"end":{"line":14,"column":70}}],"line":14},"3":{"loc":{"start":{"line":15,"column":25},"end":{"line":15,"column":73}},"type":"cond-expr","locations":[{"start":{"line":15,"column":46},"end":{"line":15,"column":64}},{"start":{"line":15,"column":67},"end":{"line":15,"column":73}}],"line":15},"4":{"loc":{"start":{"line":29,"column":12},"end":{"line":44,"column":13}},"type":"if","locations":[{"start":{"line":29,"column":12},"end":{"line":44,"column":13}},{"start":{"line":29,"column":12},"end":{"line":44,"column":13}}],"line":29},"5":{"loc":{"start":{"line":30,"column":16},"end":{"line":38,"column":17}},"type":"if","locations":[{"start":{"line":30,"column":16},"end":{"line":38,"column":17}},{"start":{"line":30,"column":16},"end":{"line":38,"column":17}}],"line":30},"6":{"loc":{"start":{"line":30,"column":20},"end":{"line":30,"column":152}},"type":"binary-expr","locations":[{"start":{"line":30,"column":20},"end":{"line":30,"column":50}},{"start":{"line":30,"column":54},"end":{"line":30,"column":94}},{"start":{"line":30,"column":98},"end":{"line":30,"column":152}}],"line":30},"7":{"loc":{"start":{"line":59,"column":12},"end":{"line":63,"column":13}},"type":"if","locations":[{"start":{"line":59,"column":12},"end":{"line":63,"column":13}},{"start":{"line":59,"column":12},"end":{"line":63,"column":13}}],"line":59},"8":{"loc":{"start":{"line":59,"column":16},"end":{"line":59,"column":145}},"type":"binary-expr","locations":[{"start":{"line":59,"column":16},"end":{"line":59,"column":46}},{"start":{"line":59,"column":50},"end":{"line":59,"column":90}},{"start":{"line":59,"column":94},"end":{"line":59,"column":145}}],"line":59},"9":{"loc":{"start":{"line":68,"column":8},"end":{"line":70,"column":9}},"type":"if","locations":[{"start":{"line":68,"column":8},"end":{"line":70,"column":9}},{"start":{"line":68,"column":8},"end":{"line":70,"column":9}}],"line":68},"10":{"loc":{"start":{"line":73,"column":8},"end":{"line":75,"column":9}},"type":"if","locations":[{"start":{"line":73,"column":8},"end":{"line":75,"column":9}},{"start":{"line":73,"column":8},"end":{"line":75,"column":9}}],"line":73},"11":{"loc":{"start":{"line":73,"column":12},"end":{"line":73,"column":75}},"type":"binary-expr","locations":[{"start":{"line":73,"column":12},"end":{"line":73,"column":42}},{"start":{"line":73,"column":46},"end":{"line":73,"column":75}}],"line":73},"12":{"loc":{"start":{"line":79,"column":8},"end":{"line":81,"column":9}},"type":"if","locations":[{"start":{"line":79,"column":8},"end":{"line":81,"column":9}},{"start":{"line":79,"column":8},"end":{"line":81,"column":9}}],"line":79},"13":{"loc":{"start":{"line":79,"column":12},"end":{"line":79,"column":105}},"type":"binary-expr","locations":[{"start":{"line":79,"column":12},"end":{"line":79,"column":29}},{"start":{"line":79,"column":33},"end":{"line":79,"column":60}},{"start":{"line":79,"column":64},"end":{"line":79,"column":105}}],"line":79},"14":{"loc":{"start":{"line":84,"column":8},"end":{"line":86,"column":9}},"type":"if","locations":[{"start":{"line":84,"column":8},"end":{"line":86,"column":9}},{"start":{"line":84,"column":8},"end":{"line":86,"column":9}}],"line":84},"15":{"loc":{"start":{"line":84,"column":12},"end":{"line":84,"column":68}},"type":"binary-expr","locations":[{"start":{"line":84,"column":12},"end":{"line":84,"column":38}},{"start":{"line":84,"column":42},"end":{"line":84,"column":68}}],"line":84},"16":{"loc":{"start":{"line":89,"column":8},"end":{"line":91,"column":9}},"type":"if","locations":[{"start":{"line":89,"column":8},"end":{"line":91,"column":9}},{"start":{"line":89,"column":8},"end":{"line":91,"column":9}}],"line":89},"17":{"loc":{"start":{"line":93,"column":8},"end":{"line":95,"column":9}},"type":"if","locations":[{"start":{"line":93,"column":8},"end":{"line":95,"column":9}},{"start":{"line":93,"column":8},"end":{"line":95,"column":9}}],"line":93},"18":{"loc":{"start":{"line":97,"column":8},"end":{"line":126,"column":9}},"type":"if","locations":[{"start":{"line":97,"column":8},"end":{"line":126,"column":9}},{"start":{"line":97,"column":8},"end":{"line":126,"column":9}}],"line":97},"19":{"loc":{"start":{"line":112,"column":16},"end":{"line":124,"column":17}},"type":"if","locations":[{"start":{"line":112,"column":16},"end":{"line":124,"column":17}},{"start":{"line":112,"column":16},"end":{"line":124,"column":17}}],"line":112},"20":{"loc":{"start":{"line":113,"column":20},"end":{"line":121,"column":21}},"type":"if","locations":[{"start":{"line":113,"column":20},"end":{"line":121,"column":21}},{"start":{"line":113,"column":20},"end":{"line":121,"column":21}}],"line":113},"21":{"loc":{"start":{"line":113,"column":24},"end":{"line":113,"column":162}},"type":"binary-expr","locations":[{"start":{"line":113,"column":24},"end":{"line":113,"column":54}},{"start":{"line":113,"column":58},"end":{"line":113,"column":98}},{"start":{"line":113,"column":102},"end":{"line":113,"column":162}}],"line":113},"22":{"loc":{"start":{"line":131,"column":12},"end":{"line":155,"column":13}},"type":"if","locations":[{"start":{"line":131,"column":12},"end":{"line":155,"column":13}},{"start":{"line":131,"column":12},"end":{"line":155,"column":13}}],"line":131},"23":{"loc":{"start":{"line":132,"column":16},"end":{"line":152,"column":17}},"type":"if","locations":[{"start":{"line":132,"column":16},"end":{"line":152,"column":17}},{"start":{"line":132,"column":16},"end":{"line":152,"column":17}}],"line":132},"24":{"loc":{"start":{"line":133,"column":20},"end":{"line":141,"column":21}},"type":"if","locations":[{"start":{"line":133,"column":20},"end":{"line":141,"column":21}},{"start":{"line":133,"column":20},"end":{"line":141,"column":21}}],"line":133},"25":{"loc":{"start":{"line":133,"column":24},"end":{"line":133,"column":165}},"type":"binary-expr","locations":[{"start":{"line":133,"column":24},"end":{"line":133,"column":54}},{"start":{"line":133,"column":58},"end":{"line":133,"column":98}},{"start":{"line":133,"column":102},"end":{"line":133,"column":165}}],"line":133},"26":{"loc":{"start":{"line":143,"column":20},"end":{"line":151,"column":21}},"type":"if","locations":[{"start":{"line":143,"column":20},"end":{"line":151,"column":21}},{"start":{"line":143,"column":20},"end":{"line":151,"column":21}}],"line":143},"27":{"loc":{"start":{"line":143,"column":24},"end":{"line":143,"column":162}},"type":"binary-expr","locations":[{"start":{"line":143,"column":24},"end":{"line":143,"column":54}},{"start":{"line":143,"column":58},"end":{"line":143,"column":98}},{"start":{"line":143,"column":102},"end":{"line":143,"column":162}}],"line":143}},"s":{"0":1,"1":1,"2":1,"3":21,"4":21,"5":3,"6":3,"7":3,"8":3,"9":3,"10":3,"11":3,"12":2,"13":1,"14":1,"15":1,"16":21,"17":15,"18":13,"19":13,"20":13,"21":13,"22":13,"23":13,"24":13,"25":5,"26":0,"27":5,"28":13,"29":13,"30":0,"31":13,"32":1,"33":13,"34":13,"35":1,"36":13,"37":1,"38":13,"39":1,"40":11,"41":1,"42":10,"43":5,"44":5,"45":5,"46":5,"47":5,"48":1,"49":0,"50":1,"51":4,"52":21,"53":3,"54":3,"55":2,"56":1,"57":1,"58":0,"59":1,"60":0,"61":1,"62":1,"63":21},"f":{"0":21,"1":3,"2":3,"3":15,"4":5,"5":5,"6":3,"7":3},"b":{"0":[0,3],"1":[0,3],"2":[0,3],"3":[0,3],"4":[2,1],"5":[1,1],"6":[2,2,2],"7":[0,5],"8":[5,5,5],"9":[0,13],"10":[1,12],"11":[13,12],"12":[1,12],"13":[13,13,12],"14":[1,12],"15":[13,13],"16":[1,10],"17":[1,9],"18":[5,5],"19":[1,4],"20":[0,1],"21":[1,1,1],"22":[2,1],"23":[1,1],"24":[1,0],"25":[1,1,1],"26":[0,1],"27":[1,1,1]},"_coverageSchema":"43e27e138ebf9cfc5966b082cf9a028302ed4184","hash":"e263f68024e7df2d528e0b23ecd792f94d1243ef","contentHash":"0d243c6302e7c68eb65dabfb5b2cbc141cec7f4fa2d09c778fe1f248c5ab45be"}}