<?xml version="1.0" encoding="UTF-8" ?>
<testsuites errors="0"
            failures="1"
            tests="1">

  <testsuite name="projects"
    errors="0" failures="1" hostname="" id="" package="projects" skipped="0"
    tests="1" time="3.571" timestamp="">
  
    <testcase name="Page de projets" classname="projects" time="3.571" assertions="3">

    

      <failure message="Le menu de la page de projets est sélectionné in 1000 ms. - expected [0;32m&#34;present&#34;[0m but got: [0;31m&#34;not present&#34;[0m">    at Object.Page de projets (C:\Users\Thoai-Vi Le\Desktop\Poly\A19\LOG4420\LOG4420_TP1\TP3\src\tests\e2e\projects.js:16:15)
    at process._tickCallback (internal/process/next_tick.js:68:7)</failure>

    <failure message="    at Object.Page de projets (C:\Users\Thoai-Vi Le\Desktop\Poly\A19\LOG4420\LOG4420_TP1\TP3\src\tests\e2e\projects.js:16:15)">    at process._tickCallback (internal/process/next_tick.js:68:7)</failure>
    </testcase>
  

  

  
  </testsuite>
</testsuites>
