<?xml version="1.0" encoding="UTF-8" ?>
<testsuites errors="0"
            failures="1"
            tests="1">

  <testsuite name="accueil"
    errors="0" failures="1" hostname="" id="" package="accueil" skipped="0"
    tests="1" time="4.886" timestamp="">
  
    <testcase name="Page d&#39;accueil" classname="accueil" time="4.886" assertions="1">  <failure message="Le menu de la page d&#39;accueil est sélectionné in 1000 ms. - expected [0;32m&#34;present&#34;[0m but got: [0;31m&#34;not present&#34;[0m">    at Object.Page d&#39;accueil (C:\Users\Thoai-Vi Le\Desktop\Poly\A19\LOG4420\LOG4420_TP1\TP3\src\tests\e2e\accueil.js:14:15)
    at process._tickCallback (internal/process/next_tick.js:68:7)</failure>

    <failure message="    at Object.Page d&#39;accueil (C:\Users\Thoai-Vi Le\Desktop\Poly\A19\LOG4420\LOG4420_TP1\TP3\src\tests\e2e\accueil.js:14:15)">    at process._tickCallback (internal/process/next_tick.js:68:7)</failure>
    </testcase>
  

  

  
  </testsuite>
</testsuites>
