<?xml version="1.0" encoding="UTF-8" ?>
<testsuites errors="0"
            failures="1"
            tests="1">

  <testsuite name="team"
    errors="0" failures="1" hostname="" id="" package="team" skipped="0"
    tests="1" time="2.519" timestamp="">
  
    <testcase name="Page d&#39;équipe" classname="team" time="2.519" assertions="2">

      <failure message="Le menu de la page d&#39;équipe est sélectionné in 1000 ms. - expected [0;32m&#34;present&#34;[0m but got: [0;31m&#34;not present&#34;[0m">    at Object.Page d&#39;équipe (C:\Users\jonathan\Desktop\LOG4420-rep\repository\TP3\src\tests\e2e\team.js:15:15)
    at process._tickCallback (internal/process/next_tick.js:68:7)</failure>

    <failure message="    at Object.Page d&#39;équipe (C:\Users\jonathan\Desktop\LOG4420-rep\repository\TP3\src\tests\e2e\team.js:15:15)">    at process._tickCallback (internal/process/next_tick.js:68:7)</failure>
    </testcase>
  

  

  
  </testsuite>
</testsuites>
